[2025-11-07 11:26:11] [INFO] Начало импорта из файла: users_with_numbers.csv
[2025-11-07 11:26:11] [INFO] Время начала: 2025-11-07 11:26:11
[2025-11-07 11:26:11] [INFO] Прочитано записей: 3
[2025-11-07 11:26:11] [SUCCESS] Валидация данных пройдена успешно
[2025-11-07 11:26:11] [INFO] Начало обработки записей...
[2025-11-07 11:26:11] [INFO] Строка 2: Обновление пользователя 1 -> номер 123
[2025-11-07 11:26:12] [SUCCESS] ✓ Успешно обновлен пользователь 1
[2025-11-07 11:26:12] [INFO] Строка 3: Обновление пользователя 10 -> номер 321
[2025-11-07 11:26:12] [SUCCESS] ✓ Успешно обновлен пользователь 10
[2025-11-07 11:26:13] [INFO] Строка 4: Обновление пользователя 12 -> номер 222
[2025-11-07 11:26:13] [SUCCESS] ✓ Успешно обновлен пользователь 12
[2025-11-07 11:26:14] [INFO] 
==================================================
[2025-11-07 11:26:14] [INFO] ФИНАЛЬНЫЙ ОТЧЕТ
[2025-11-07 11:26:14] [INFO] ==================================================
[2025-11-07 11:26:14] [INFO] Всего записей в файле: 3
[2025-11-07 11:26:14] [INFO] Успешно обновлено: 3
[2025-11-07 11:26:14] [INFO] Ошибок: 0
[2025-11-07 11:26:14] [INFO] Пропущено: 0
[2025-11-07 11:26:14] [INFO] Полный отчет сохранен в: import_report_2025-11-07_11-26-14.csv
[2025-11-07 11:26:14] [INFO] Список успешных операций сохранен в: import_success_2025-11-07_11-26-14.csv
[2025-11-07 11:26:14] [INFO] Время завершения: 2025-11-07 11:26:14
[2025-11-07 11:29:41] [INFO] Начало импорта из файла: users_with_numbers.csv
[2025-11-07 11:29:41] [INFO] Время начала: 2025-11-07 11:29:41
[2025-11-07 11:29:41] [INFO] Прочитано записей: 3
[2025-11-07 11:29:41] [SUCCESS] Валидация данных пройдена успешно
[2025-11-07 11:29:41] [INFO] Начало обработки записей...
[2025-11-07 11:29:41] [INFO] Строка 2: Обновление пользователя 1 -> номер 123
[2025-11-07 11:29:42] [SUCCESS] ✓ Успешно обновлен пользователь 1
[2025-11-07 11:29:42] [INFO] Строка 3: Обновление пользователя 10 -> номер 321
[2025-11-07 11:29:42] [SUCCESS] ✓ Успешно обновлен пользователь 10
[2025-11-07 11:29:43] [INFO] Строка 4: Обновление пользователя 12 -> номер 222
[2025-11-07 11:29:43] [SUCCESS] ✓ Успешно обновлен пользователь 12
[2025-11-07 11:29:43] [INFO] 
==================================================
[2025-11-07 11:29:43] [INFO] ФИНАЛЬНЫЙ ОТЧЕТ
[2025-11-07 11:29:43] [INFO] ==================================================
[2025-11-07 11:29:43] [INFO] Всего записей в файле: 3
[2025-11-07 11:29:43] [INFO] Успешно обновлено: 3
[2025-11-07 11:29:43] [INFO] Ошибок: 0
[2025-11-07 11:29:43] [INFO] Пропущено: 0
[2025-11-07 11:29:43] [INFO] Полный отчет сохранен в: import_report_2025-11-07_11-29-43.csv
[2025-11-07 11:29:43] [INFO] Список успешных операций сохранен в: import_success_2025-11-07_11-29-43.csv
[2025-11-07 11:29:43] [INFO] Время завершения: 2025-11-07 11:29:43
[2025-11-07 11:31:13] [INFO] Начало импорта из файла: users_with_numbers.csv
[2025-11-07 11:31:13] [INFO] Время начала: 2025-11-07 11:31:13
[2025-11-07 11:31:13] [INFO] Прочитано записей: 1
[2025-11-07 11:31:13] [SUCCESS] Валидация данных пройдена успешно
[2025-11-07 11:31:13] [INFO] Начало обработки записей...
[2025-11-07 11:31:13] [INFO] Строка 2: Обновление пользователя 1306 -> номер 333
[2025-11-07 11:31:14] [SUCCESS] ✓ Успешно обновлен пользователь 1306
[2025-11-07 11:31:14] [INFO] 
==================================================
[2025-11-07 11:31:14] [INFO] ФИНАЛЬНЫЙ ОТЧЕТ
[2025-11-07 11:31:14] [INFO] ==================================================
[2025-11-07 11:31:14] [INFO] Всего записей в файле: 1
[2025-11-07 11:31:14] [INFO] Успешно обновлено: 1
[2025-11-07 11:31:14] [INFO] Ошибок: 0
[2025-11-07 11:31:14] [INFO] Пропущено: 0
[2025-11-07 11:31:14] [INFO] Полный отчет сохранен в: import_report_2025-11-07_11-31-14.csv
[2025-11-07 11:31:14] [INFO] Список успешных операций сохранен в: import_success_2025-11-07_11-31-14.csv
[2025-11-07 11:31:14] [INFO] Время завершения: 2025-11-07 11:31:14
[2025-11-07 12:25:48] [INFO] Начало импорта из файла: users_with_numbers.csv
[2025-11-07 12:25:48] [INFO] Время начала: 2025-11-07 12:25:48
[2025-11-07 12:25:48] [INFO] Прочитано записей: 1
[2025-11-07 12:25:48] [SUCCESS] Валидация данных пройдена успешно
[2025-11-07 12:25:48] [INFO] Начало обработки записей...
[2025-11-07 12:25:48] [INFO] Строка 2: Обновление пользователя 1306 -> номер 3343
[2025-11-07 12:25:48] [SUCCESS] ✓ Успешно обновлен пользователь 1306
[2025-11-07 12:25:49] [INFO] 
==================================================
[2025-11-07 12:25:49] [INFO] ФИНАЛЬНЫЙ ОТЧЕТ
[2025-11-07 12:25:49] [INFO] ==================================================
[2025-11-07 12:25:49] [INFO] Всего записей в файле: 1
[2025-11-07 12:25:49] [INFO] Успешно обновлено: 1
[2025-11-07 12:25:49] [INFO] Ошибок: 0
[2025-11-07 12:25:49] [INFO] Пропущено: 0
[2025-11-07 12:25:49] [INFO] Полный отчет сохранен в: import_report_2025-11-07_12-25-49.csv
[2025-11-07 12:25:49] [INFO] Список успешных операций сохранен в: import_success_2025-11-07_12-25-49.csv
[2025-11-07 12:25:49] [INFO] Время завершения: 2025-11-07 12:25:49
[2025-11-07 12:46:31] [INFO] Начало импорта из файла: users_with_numbers.csv
[2025-11-07 12:46:31] [INFO] Время начала: 2025-11-07 12:46:31
[2025-11-07 12:46:31] [INFO] Прочитано записей: 1
[2025-11-07 12:46:31] [SUCCESS] Валидация данных пройдена успешно
[2025-11-07 12:46:31] [INFO] Начало обработки записей...
[2025-11-07 12:46:31] [INFO] Строка 2: Обновление пользователя 1306 -> номер 334543
[2025-11-07 12:46:31] [ERROR] ✗ Ошибка для пользователя 1306: Ошибка заполнения поля "Внутренний номер", номер должен быть цифрой от 1 до 9999. 
[2025-11-07 12:46:31] [INFO] 
==================================================
[2025-11-07 12:46:31] [INFO] ФИНАЛЬНЫЙ ОТЧЕТ
[2025-11-07 12:46:31] [INFO] ==================================================
[2025-11-07 12:46:31] [INFO] Всего записей в файле: 1
[2025-11-07 12:46:31] [INFO] Успешно обновлено: 0
[2025-11-07 12:46:31] [INFO] Ошибок: 1
[2025-11-07 12:46:31] [INFO] Пропущено: 0
[2025-11-07 12:46:31] [INFO] Полный отчет сохранен в: import_report_2025-11-07_12-46-31.csv
[2025-11-07 12:46:31] [INFO] Список ошибок сохранен в: import_errors_2025-11-07_12-46-31.csv
[2025-11-07 12:46:31] [INFO] Время завершения: 2025-11-07 12:46:31
[2025-11-07 12:46:58] [INFO] Начало импорта из файла: users_with_numbers.csv
[2025-11-07 12:46:58] [INFO] Время начала: 2025-11-07 12:46:58
[2025-11-07 12:46:58] [INFO] Прочитано записей: 1
[2025-11-07 12:46:58] [SUCCESS] Валидация данных пройдена успешно
[2025-11-07 12:46:58] [INFO] Начало обработки записей...
[2025-11-07 12:46:58] [INFO] Строка 2: Обновление пользователя 1306 -> номер 3243
[2025-11-07 12:46:59] [SUCCESS] ✓ Успешно обновлен пользователь 1306
[2025-11-07 12:46:59] [INFO] 
==================================================
[2025-11-07 12:46:59] [INFO] ФИНАЛЬНЫЙ ОТЧЕТ
[2025-11-07 12:46:59] [INFO] ==================================================
[2025-11-07 12:46:59] [INFO] Всего записей в файле: 1
[2025-11-07 12:46:59] [INFO] Успешно обновлено: 1
[2025-11-07 12:46:59] [INFO] Ошибок: 0
[2025-11-07 12:46:59] [INFO] Пропущено: 0
[2025-11-07 12:46:59] [INFO] Полный отчет сохранен в: import_report_2025-11-07_12-46-59.csv
[2025-11-07 12:46:59] [INFO] Список успешных операций сохранен в: import_success_2025-11-07_12-46-59.csv
[2025-11-07 12:46:59] [INFO] Время завершения: 2025-11-07 12:46:59
[2025-11-07 14:05:10] [INFO] Начало импорта из файла: users_with_numbers.csv
[2025-11-07 14:05:10] [INFO] Время начала: 2025-11-07 14:05:10
[2025-11-07 14:05:10] [INFO] Прочитано записей: 3
[2025-11-07 14:05:10] [SUCCESS] Валидация данных пройдена успешно
[2025-11-07 14:05:10] [INFO] Начало обработки записей...
[2025-11-07 14:05:10] [INFO] Строка 2: Обновление пользователя 1 -> номер 5555
[2025-11-07 14:05:11] [ERROR] ✗ Ошибка для пользователя 1: Invalid request credentials
[2025-11-07 14:05:11] [INFO] Строка 3: Обновление пользователя 10 -> номер 444
[2025-11-07 14:05:11] [ERROR] ✗ Ошибка для пользователя 10: Invalid request credentials
[2025-11-07 14:05:12] [INFO] Строка 4: Обновление пользователя 12 -> номер 222
[2025-11-07 14:05:12] [ERROR] ✗ Ошибка для пользователя 12: Invalid request credentials
[2025-11-07 14:05:13] [INFO] 
==================================================
[2025-11-07 14:05:13] [INFO] ФИНАЛЬНЫЙ ОТЧЕТ
[2025-11-07 14:05:13] [INFO] ==================================================
[2025-11-07 14:05:13] [INFO] Всего записей в файле: 3
[2025-11-07 14:05:13] [INFO] Успешно обновлено: 0
[2025-11-07 14:05:13] [INFO] Ошибок: 3
[2025-11-07 14:05:13] [INFO] Пропущено: 0
[2025-11-07 14:05:13] [INFO] Полный отчет сохранен в: import_report_2025-11-07_14-05-13.csv
[2025-11-07 14:05:13] [INFO] Список ошибок сохранен в: import_errors_2025-11-07_14-05-13.csv
[2025-11-07 14:05:13] [INFO] Время завершения: 2025-11-07 14:05:13
[2025-11-07 14:10:15] [INFO] Начало импорта из файла: users_with_numbers.csv
[2025-11-07 14:10:15] [INFO] Время начала: 2025-11-07 14:10:15
[2025-11-07 14:10:15] [INFO] Прочитано записей: 3
[2025-11-07 14:10:15] [SUCCESS] Валидация данных пройдена успешно
[2025-11-07 14:10:15] [INFO] Начало обработки записей...
[2025-11-07 14:10:15] [INFO] Строка 2: Обновление пользователя 1 -> номер 5555
[2025-11-07 14:10:16] [SUCCESS] ✓ Успешно обновлен пользователь 1
[2025-11-07 14:10:17] [INFO] Строка 3: Обновление пользователя 10 -> номер 5321
[2025-11-07 14:10:17] [SUCCESS] ✓ Успешно обновлен пользователь 10
[2025-11-07 14:10:18] [INFO] Строка 4: Обновление пользователя 12 -> номер 1111
[2025-11-07 14:10:18] [SUCCESS] ✓ Успешно обновлен пользователь 12
[2025-11-07 14:10:19] [INFO] 
==================================================
[2025-11-07 14:10:19] [INFO] ФИНАЛЬНЫЙ ОТЧЕТ
[2025-11-07 14:10:19] [INFO] ==================================================
[2025-11-07 14:10:19] [INFO] Всего записей в файле: 3
[2025-11-07 14:10:19] [INFO] Успешно обновлено: 3
[2025-11-07 14:10:19] [INFO] Ошибок: 0
[2025-11-07 14:10:19] [INFO] Пропущено: 0
[2025-11-07 14:10:19] [INFO] Полный отчет сохранен в: import_report_2025-11-07_14-10-19.csv
[2025-11-07 14:10:19] [INFO] Список успешных операций сохранен в: import_success_2025-11-07_14-10-19.csv
[2025-11-07 14:10:19] [INFO] Время завершения: 2025-11-07 14:10:19
[2025-11-07 15:46:37] [INFO] Начало импорта из файла: users_with_numbers.csv
[2025-11-07 15:46:37] [INFO] Время начала: 2025-11-07 15:46:37
[2025-11-07 15:46:37] [INFO] Прочитано записей: 272
[2025-11-07 15:46:37] [ERROR] Обнаружены ошибки валидации:
[2025-11-07 15:46:37] [ERROR]   - Строка 27: Неверный формат номера телефона - ''
[2025-11-07 15:46:37] [ERROR]   - Строка 37: Неверный формат номера телефона - ''
[2025-11-07 15:46:37] [ERROR]   - Строка 43: Дублирующийся номер 2071
[2025-11-07 15:46:37] [ERROR]   - Строка 60: Неверный формат номера телефона - ''
[2025-11-07 15:46:37] [ERROR]   - Строка 74: Дублирующийся номер 3011
[2025-11-07 15:46:37] [ERROR]   - Строка 75: Неверный формат номера телефона - ''
[2025-11-07 15:46:37] [ERROR]   - Строка 78: Неверный формат номера телефона - ''
[2025-11-07 15:46:37] [ERROR]   - Строка 79: Неверный формат номера телефона - ''
[2025-11-07 15:46:37] [ERROR]   - Строка 80: Неверный формат номера телефона - ''
[2025-11-07 15:46:37] [ERROR]   - Строка 81: Неверный формат номера телефона - ''
[2025-11-07 15:46:37] [ERROR]   - Строка 82: Неверный формат номера телефона - ''
[2025-11-07 15:46:37] [ERROR]   - Строка 86: Неверный формат номера телефона - ''
[2025-11-07 15:46:37] [ERROR]   - Строка 91: Неверный формат номера телефона - ''
[2025-11-07 15:46:37] [ERROR]   - Строка 95: Дублирующийся номер 3711
[2025-11-07 15:46:37] [ERROR]   - Строка 97: Неверный формат номера телефона - ''
[2025-11-07 15:46:37] [ERROR]   - Строка 99: Неверный формат номера телефона - ''
[2025-11-07 15:46:37] [ERROR]   - Строка 102: Дублирующийся номер 4212
[2025-11-07 15:46:37] [ERROR]   - Строка 105: Неверный формат номера телефона - ''
[2025-11-07 15:46:37] [ERROR]   - Строка 121: Неверный формат номера телефона - ''
[2025-11-07 15:46:37] [ERROR]   - Строка 122: Неверный формат номера телефона - ''
[2025-11-07 15:46:37] [ERROR]   - Строка 123: Неверный формат номера телефона - ''
[2025-11-07 15:46:37] [ERROR]   - Строка 124: Неверный формат номера телефона - ''
[2025-11-07 15:46:37] [ERROR]   - Строка 125: Неверный формат номера телефона - ''
[2025-11-07 15:46:37] [ERROR]   - Строка 126: Неверный формат номера телефона - ''
[2025-11-07 15:46:37] [ERROR]   - Строка 132: Неверный формат номера телефона - ''
[2025-11-07 15:46:37] [ERROR]   - Строка 136: Неверный формат номера телефона - ''
[2025-11-07 15:46:37] [ERROR]   - Строка 142: Неверный формат номера телефона - ''
[2025-11-07 15:46:37] [ERROR]   - Строка 162: Неверный формат номера телефона - ''
[2025-11-07 15:46:37] [ERROR]   - Строка 167: Неверный формат номера телефона - ''
[2025-11-07 15:46:37] [ERROR]   - Строка 169: Неверный формат номера телефона - ''
[2025-11-07 15:46:37] [ERROR]   - Строка 171: Неверный формат номера телефона - ''
[2025-11-07 15:46:37] [ERROR]   - Строка 176: Дублирующийся номер 2113
[2025-11-07 15:46:37] [ERROR]   - Строка 177: Неверный формат номера телефона - ''
[2025-11-07 15:46:37] [ERROR]   - Строка 178: Дублирующийся номер 4113
[2025-11-07 15:46:37] [ERROR]   - Строка 188: Неверный формат номера телефона - ''
[2025-11-07 15:46:37] [ERROR]   - Строка 193: Неверный формат номера телефона - ''
[2025-11-07 15:46:37] [ERROR]   - Строка 195: Неверный формат номера телефона - ''
[2025-11-07 15:46:37] [ERROR]   - Строка 196: Неверный формат номера телефона - ''
[2025-11-07 15:46:37] [ERROR]   - Строка 197: Неверный формат номера телефона - ''
[2025-11-07 15:46:37] [ERROR]   - Строка 198: Неверный формат номера телефона - ''
[2025-11-07 15:46:37] [ERROR]   - Строка 199: Неверный формат номера телефона - ''
[2025-11-07 15:46:37] [ERROR]   - Строка 200: Неверный формат номера телефона - ''
[2025-11-07 15:46:37] [ERROR]   - Строка 201: Дублирующийся номер 2100
[2025-11-07 15:46:37] [ERROR]   - Строка 204: Неверный формат номера телефона - ''
[2025-11-07 15:46:37] [ERROR]   - Строка 205: Неверный формат номера телефона - ''
[2025-11-07 15:46:37] [ERROR]   - Строка 208: Неверный формат номера телефона - ''
[2025-11-07 15:46:37] [ERROR]   - Строка 216: Неверный формат номера телефона - ''
[2025-11-07 15:46:37] [ERROR]   - Строка 217: Неверный формат номера телефона - ''
[2025-11-07 15:46:37] [ERROR]   - Строка 221: Неверный формат номера телефона - ''
[2025-11-07 15:46:37] [ERROR]   - Строка 227: Дублирующийся номер 2144
[2025-11-07 15:46:37] [ERROR]   - Строка 228: Дублирующийся номер 2114
[2025-11-07 15:46:37] [ERROR]   - Строка 229: Дублирующийся номер 2114
[2025-11-07 15:46:37] [ERROR]   - Строка 232: Неверный формат номера телефона - ''
[2025-11-07 15:46:37] [ERROR]   - Строка 236: Дублирующийся номер 2123
[2025-11-07 15:46:37] [ERROR]   - Строка 237: Неверный формат номера телефона - ''
[2025-11-07 15:46:37] [ERROR]   - Строка 240: Неверный формат номера телефона - ''
[2025-11-07 15:46:37] [ERROR]   - Строка 245: Неверный формат номера телефона - ''
[2025-11-07 15:46:37] [ERROR]   - Строка 249: Дублирующийся номер 2214
[2025-11-07 15:46:37] [ERROR]   - Строка 250: Неверный формат номера телефона - ''
[2025-11-07 15:46:37] [ERROR]   - Строка 251: Неверный формат номера телефона - ''
[2025-11-07 15:46:37] [ERROR]   - Строка 252: Неверный формат номера телефона - ''
[2025-11-07 15:46:37] [ERROR]   - Строка 253: Неверный формат номера телефона - ''
[2025-11-07 15:46:37] [ERROR]   - Строка 254: Неверный формат номера телефона - ''
[2025-11-07 15:46:37] [ERROR]   - Строка 255: Неверный формат номера телефона - ''
[2025-11-07 15:46:37] [ERROR]   - Строка 257: Неверный формат номера телефона - ''
[2025-11-07 15:46:37] [ERROR]   - Строка 258: Неверный формат номера телефона - ''
[2025-11-07 15:46:37] [ERROR]   - Строка 259: Неверный формат номера телефона - ''
[2025-11-07 15:46:37] [ERROR]   - Строка 260: Неверный формат номера телефона - ''
[2025-11-07 15:46:37] [ERROR]   - Строка 261: Неверный формат номера телефона - ''
[2025-11-07 15:46:37] [ERROR]   - Строка 262: Неверный формат номера телефона - ''
[2025-11-07 15:46:37] [ERROR]   - Строка 263: Неверный формат номера телефона - ''
[2025-11-07 15:46:37] [ERROR]   - Строка 264: Неверный формат номера телефона - ''
[2025-11-07 15:46:37] [ERROR]   - Строка 265: Неверный формат номера телефона - ''
[2025-11-07 15:46:37] [ERROR]   - Строка 266: Неверный формат номера телефона - ''
[2025-11-07 15:46:37] [ERROR]   - Строка 267: Неверный формат номера телефона - ''
[2025-11-07 15:46:37] [ERROR]   - Строка 268: Неверный формат номера телефона - ''
[2025-11-07 15:46:37] [ERROR]   - Строка 269: Неверный формат номера телефона - ''
[2025-11-07 15:46:37] [ERROR]   - Строка 270: Неверный формат номера телефона - ''
[2025-11-07 15:46:37] [ERROR]   - Строка 271: Неверный формат номера телефона - ''
[2025-11-07 15:46:37] [ERROR]   - Строка 272: Неверный формат номера телефона - ''
[2025-11-07 15:46:37] [ERROR]   - Строка 273: Неверный формат номера телефона - ''
[2025-11-07 15:46:37] [ERROR] Критическая ошибка: Файл содержит ошибки валидации. Исправьте их и попробуйте снова.
[2025-11-07 15:47:25] [INFO] Начало импорта из файла: users_with_numbers.csv
[2025-11-07 15:47:25] [INFO] Время начала: 2025-11-07 15:47:25
[2025-11-07 15:47:25] [INFO] Прочитано записей: 272
[2025-11-07 15:47:25] [ERROR] Обнаружены ошибки валидации:
[2025-11-07 15:47:25] [ERROR]   - Строка 27: Неверный формат номера телефона - ''
[2025-11-07 15:47:25] [ERROR]   - Строка 37: Неверный формат номера телефона - ''
[2025-11-07 15:47:25] [ERROR]   - Строка 43: Дублирующийся номер 2071
[2025-11-07 15:47:25] [ERROR]   - Строка 60: Неверный формат номера телефона - ''
[2025-11-07 15:47:25] [ERROR]   - Строка 74: Дублирующийся номер 3011
[2025-11-07 15:47:25] [ERROR]   - Строка 75: Неверный формат номера телефона - ''
[2025-11-07 15:47:25] [ERROR]   - Строка 78: Неверный формат номера телефона - ''
[2025-11-07 15:47:25] [ERROR]   - Строка 79: Неверный формат номера телефона - ''
[2025-11-07 15:47:25] [ERROR]   - Строка 80: Неверный формат номера телефона - ''
[2025-11-07 15:47:25] [ERROR]   - Строка 81: Неверный формат номера телефона - ''
[2025-11-07 15:47:25] [ERROR]   - Строка 82: Неверный формат номера телефона - ''
[2025-11-07 15:47:25] [ERROR]   - Строка 86: Неверный формат номера телефона - ''
[2025-11-07 15:47:25] [ERROR]   - Строка 91: Неверный формат номера телефона - ''
[2025-11-07 15:47:25] [ERROR]   - Строка 95: Дублирующийся номер 3711
[2025-11-07 15:47:25] [ERROR]   - Строка 97: Неверный формат номера телефона - ''
[2025-11-07 15:47:25] [ERROR]   - Строка 99: Неверный формат номера телефона - ''
[2025-11-07 15:47:25] [ERROR]   - Строка 102: Дублирующийся номер 4212
[2025-11-07 15:47:25] [ERROR]   - Строка 105: Неверный формат номера телефона - ''
[2025-11-07 15:47:25] [ERROR]   - Строка 121: Неверный формат номера телефона - ''
[2025-11-07 15:47:25] [ERROR]   - Строка 122: Неверный формат номера телефона - ''
[2025-11-07 15:47:25] [ERROR]   - Строка 123: Неверный формат номера телефона - ''
[2025-11-07 15:47:25] [ERROR]   - Строка 124: Неверный формат номера телефона - ''
[2025-11-07 15:47:25] [ERROR]   - Строка 125: Неверный формат номера телефона - ''
[2025-11-07 15:47:25] [ERROR]   - Строка 126: Неверный формат номера телефона - ''
[2025-11-07 15:47:25] [ERROR]   - Строка 132: Неверный формат номера телефона - ''
[2025-11-07 15:47:25] [ERROR]   - Строка 136: Неверный формат номера телефона - ''
[2025-11-07 15:47:25] [ERROR]   - Строка 142: Неверный формат номера телефона - ''
[2025-11-07 15:47:25] [ERROR]   - Строка 162: Неверный формат номера телефона - ''
[2025-11-07 15:47:25] [ERROR]   - Строка 167: Неверный формат номера телефона - ''
[2025-11-07 15:47:25] [ERROR]   - Строка 169: Неверный формат номера телефона - ''
[2025-11-07 15:47:25] [ERROR]   - Строка 171: Неверный формат номера телефона - ''
[2025-11-07 15:47:25] [ERROR]   - Строка 176: Дублирующийся номер 2113
[2025-11-07 15:47:25] [ERROR]   - Строка 177: Неверный формат номера телефона - ''
[2025-11-07 15:47:25] [ERROR]   - Строка 178: Дублирующийся номер 4113
[2025-11-07 15:47:25] [ERROR]   - Строка 188: Неверный формат номера телефона - ''
[2025-11-07 15:47:25] [ERROR]   - Строка 193: Неверный формат номера телефона - ''
[2025-11-07 15:47:25] [ERROR]   - Строка 195: Неверный формат номера телефона - ''
[2025-11-07 15:47:25] [ERROR]   - Строка 196: Неверный формат номера телефона - ''
[2025-11-07 15:47:25] [ERROR]   - Строка 197: Неверный формат номера телефона - ''
[2025-11-07 15:47:25] [ERROR]   - Строка 198: Неверный формат номера телефона - ''
[2025-11-07 15:47:25] [ERROR]   - Строка 199: Неверный формат номера телефона - ''
[2025-11-07 15:47:25] [ERROR]   - Строка 200: Неверный формат номера телефона - ''
[2025-11-07 15:47:25] [ERROR]   - Строка 201: Дублирующийся номер 2100
[2025-11-07 15:47:25] [ERROR]   - Строка 204: Неверный формат номера телефона - ''
[2025-11-07 15:47:25] [ERROR]   - Строка 205: Неверный формат номера телефона - ''
[2025-11-07 15:47:25] [ERROR]   - Строка 208: Неверный формат номера телефона - ''
[2025-11-07 15:47:25] [ERROR]   - Строка 216: Неверный формат номера телефона - ''
[2025-11-07 15:47:25] [ERROR]   - Строка 217: Неверный формат номера телефона - ''
[2025-11-07 15:47:25] [ERROR]   - Строка 221: Неверный формат номера телефона - ''
[2025-11-07 15:47:25] [ERROR]   - Строка 227: Дублирующийся номер 2144
[2025-11-07 15:47:25] [ERROR]   - Строка 228: Дублирующийся номер 2114
[2025-11-07 15:47:25] [ERROR]   - Строка 229: Дублирующийся номер 2114
[2025-11-07 15:47:25] [ERROR]   - Строка 232: Неверный формат номера телефона - ''
[2025-11-07 15:47:25] [ERROR]   - Строка 236: Дублирующийся номер 2123
[2025-11-07 15:47:25] [ERROR]   - Строка 237: Неверный формат номера телефона - ''
[2025-11-07 15:47:25] [ERROR]   - Строка 240: Неверный формат номера телефона - ''
[2025-11-07 15:47:25] [ERROR]   - Строка 245: Неверный формат номера телефона - ''
[2025-11-07 15:47:25] [ERROR]   - Строка 249: Дублирующийся номер 2214
[2025-11-07 15:47:25] [ERROR]   - Строка 250: Неверный формат номера телефона - ''
[2025-11-07 15:47:25] [ERROR]   - Строка 251: Неверный формат номера телефона - ''
[2025-11-07 15:47:25] [ERROR]   - Строка 252: Неверный формат номера телефона - ''
[2025-11-07 15:47:25] [ERROR]   - Строка 253: Неверный формат номера телефона - ''
[2025-11-07 15:47:25] [ERROR]   - Строка 254: Неверный формат номера телефона - ''
[2025-11-07 15:47:25] [ERROR]   - Строка 255: Неверный формат номера телефона - ''
[2025-11-07 15:47:25] [ERROR]   - Строка 257: Неверный формат номера телефона - ''
[2025-11-07 15:47:25] [ERROR]   - Строка 258: Неверный формат номера телефона - ''
[2025-11-07 15:47:25] [ERROR]   - Строка 259: Неверный формат номера телефона - ''
[2025-11-07 15:47:25] [ERROR]   - Строка 260: Неверный формат номера телефона - ''
[2025-11-07 15:47:25] [ERROR]   - Строка 261: Неверный формат номера телефона - ''
[2025-11-07 15:47:25] [ERROR]   - Строка 262: Неверный формат номера телефона - ''
[2025-11-07 15:47:25] [ERROR]   - Строка 263: Неверный формат номера телефона - ''
[2025-11-07 15:47:25] [ERROR]   - Строка 264: Неверный формат номера телефона - ''
[2025-11-07 15:47:25] [ERROR]   - Строка 265: Неверный формат номера телефона - ''
[2025-11-07 15:47:25] [ERROR]   - Строка 266: Неверный формат номера телефона - ''
[2025-11-07 15:47:25] [ERROR]   - Строка 267: Неверный формат номера телефона - ''
[2025-11-07 15:47:25] [ERROR]   - Строка 268: Неверный формат номера телефона - ''
[2025-11-07 15:47:25] [ERROR]   - Строка 269: Неверный формат номера телефона - ''
[2025-11-07 15:47:25] [ERROR]   - Строка 270: Неверный формат номера телефона - ''
[2025-11-07 15:47:25] [ERROR]   - Строка 271: Неверный формат номера телефона - ''
[2025-11-07 15:47:25] [ERROR]   - Строка 272: Неверный формат номера телефона - ''
[2025-11-07 15:47:25] [ERROR]   - Строка 273: Неверный формат номера телефона - ''
[2025-11-07 15:47:25] [ERROR] Критическая ошибка: Файл содержит ошибки валидации. Исправьте их и попробуйте снова.
[2025-11-07 15:58:45] [INFO] Начало импорта из файла: users_with_numbers.csv
[2025-11-07 15:58:45] [INFO] Время начала: 2025-11-07 15:58:45
[2025-11-07 15:58:45] [INFO] Прочитано записей: 272
[2025-11-07 15:58:45] [ERROR] Обнаружены ошибки валидации:
[2025-11-07 15:58:45] [ERROR]   - Строка 27: Неверный формат номера телефона - ''
[2025-11-07 15:58:45] [ERROR]   - Строка 37: Неверный формат номера телефона - ''
[2025-11-07 15:58:45] [ERROR]   - Строка 43: Дублирующийся номер 2071
[2025-11-07 15:58:45] [ERROR]   - Строка 60: Неверный формат номера телефона - ''
[2025-11-07 15:58:45] [ERROR]   - Строка 74: Дублирующийся номер 3011
[2025-11-07 15:58:45] [ERROR]   - Строка 75: Неверный формат номера телефона - ''
[2025-11-07 15:58:45] [ERROR]   - Строка 78: Неверный формат номера телефона - ''
[2025-11-07 15:58:45] [ERROR]   - Строка 79: Неверный формат номера телефона - ''
[2025-11-07 15:58:45] [ERROR]   - Строка 80: Неверный формат номера телефона - ''
[2025-11-07 15:58:45] [ERROR]   - Строка 81: Неверный формат номера телефона - ''
[2025-11-07 15:58:45] [ERROR]   - Строка 82: Неверный формат номера телефона - ''
[2025-11-07 15:58:45] [ERROR]   - Строка 86: Неверный формат номера телефона - ''
[2025-11-07 15:58:45] [ERROR]   - Строка 91: Неверный формат номера телефона - ''
[2025-11-07 15:58:45] [ERROR]   - Строка 95: Дублирующийся номер 3711
[2025-11-07 15:58:45] [ERROR]   - Строка 97: Неверный формат номера телефона - ''
[2025-11-07 15:58:45] [ERROR]   - Строка 99: Неверный формат номера телефона - ''
[2025-11-07 15:58:45] [ERROR]   - Строка 102: Дублирующийся номер 4212
[2025-11-07 15:58:45] [ERROR]   - Строка 105: Неверный формат номера телефона - ''
[2025-11-07 15:58:45] [ERROR]   - Строка 121: Неверный формат номера телефона - ''
[2025-11-07 15:58:45] [ERROR]   - Строка 122: Неверный формат номера телефона - ''
[2025-11-07 15:58:45] [ERROR]   - Строка 123: Неверный формат номера телефона - ''
[2025-11-07 15:58:45] [ERROR]   - Строка 124: Неверный формат номера телефона - ''
[2025-11-07 15:58:45] [ERROR]   - Строка 125: Неверный формат номера телефона - ''
[2025-11-07 15:58:45] [ERROR]   - Строка 126: Неверный формат номера телефона - ''
[2025-11-07 15:58:45] [ERROR]   - Строка 132: Неверный формат номера телефона - ''
[2025-11-07 15:58:45] [ERROR]   - Строка 136: Неверный формат номера телефона - ''
[2025-11-07 15:58:45] [ERROR]   - Строка 142: Неверный формат номера телефона - ''
[2025-11-07 15:58:45] [ERROR]   - Строка 162: Неверный формат номера телефона - ''
[2025-11-07 15:58:45] [ERROR]   - Строка 167: Неверный формат номера телефона - ''
[2025-11-07 15:58:45] [ERROR]   - Строка 169: Неверный формат номера телефона - ''
[2025-11-07 15:58:45] [ERROR]   - Строка 171: Неверный формат номера телефона - ''
[2025-11-07 15:58:45] [ERROR]   - Строка 176: Дублирующийся номер 2113
[2025-11-07 15:58:45] [ERROR]   - Строка 177: Неверный формат номера телефона - ''
[2025-11-07 15:58:45] [ERROR]   - Строка 178: Дублирующийся номер 4113
[2025-11-07 15:58:45] [ERROR]   - Строка 188: Неверный формат номера телефона - ''
[2025-11-07 15:58:45] [ERROR]   - Строка 193: Неверный формат номера телефона - ''
[2025-11-07 15:58:45] [ERROR]   - Строка 195: Неверный формат номера телефона - ''
[2025-11-07 15:58:45] [ERROR]   - Строка 196: Неверный формат номера телефона - ''
[2025-11-07 15:58:45] [ERROR]   - Строка 197: Неверный формат номера телефона - ''
[2025-11-07 15:58:45] [ERROR]   - Строка 198: Неверный формат номера телефона - ''
[2025-11-07 15:58:45] [ERROR]   - Строка 199: Неверный формат номера телефона - ''
[2025-11-07 15:58:45] [ERROR]   - Строка 200: Неверный формат номера телефона - ''
[2025-11-07 15:58:45] [ERROR]   - Строка 201: Дублирующийся номер 2100
[2025-11-07 15:58:45] [ERROR]   - Строка 204: Неверный формат номера телефона - ''
[2025-11-07 15:58:45] [ERROR]   - Строка 205: Неверный формат номера телефона - ''
[2025-11-07 15:58:45] [ERROR]   - Строка 208: Неверный формат номера телефона - ''
[2025-11-07 15:58:45] [ERROR]   - Строка 216: Неверный формат номера телефона - ''
[2025-11-07 15:58:45] [ERROR]   - Строка 217: Неверный формат номера телефона - ''
[2025-11-07 15:58:45] [ERROR]   - Строка 221: Неверный формат номера телефона - ''
[2025-11-07 15:58:45] [ERROR]   - Строка 227: Дублирующийся номер 2144
[2025-11-07 15:58:45] [ERROR]   - Строка 228: Дублирующийся номер 2114
[2025-11-07 15:58:45] [ERROR]   - Строка 229: Дублирующийся номер 2114
[2025-11-07 15:58:45] [ERROR]   - Строка 232: Неверный формат номера телефона - ''
[2025-11-07 15:58:45] [ERROR]   - Строка 236: Дублирующийся номер 2123
[2025-11-07 15:58:45] [ERROR]   - Строка 237: Неверный формат номера телефона - ''
[2025-11-07 15:58:45] [ERROR]   - Строка 240: Неверный формат номера телефона - ''
[2025-11-07 15:58:45] [ERROR]   - Строка 245: Неверный формат номера телефона - ''
[2025-11-07 15:58:45] [ERROR]   - Строка 249: Дублирующийся номер 2214
[2025-11-07 15:58:45] [ERROR]   - Строка 250: Неверный формат номера телефона - ''
[2025-11-07 15:58:45] [ERROR]   - Строка 251: Неверный формат номера телефона - ''
[2025-11-07 15:58:45] [ERROR]   - Строка 252: Неверный формат номера телефона - ''
[2025-11-07 15:58:45] [ERROR]   - Строка 253: Неверный формат номера телефона - ''
[2025-11-07 15:58:45] [ERROR]   - Строка 254: Неверный формат номера телефона - ''
[2025-11-07 15:58:45] [ERROR]   - Строка 255: Неверный формат номера телефона - ''
[2025-11-07 15:58:45] [ERROR]   - Строка 257: Неверный формат номера телефона - ''
[2025-11-07 15:58:45] [ERROR]   - Строка 258: Неверный формат номера телефона - ''
[2025-11-07 15:58:45] [ERROR]   - Строка 259: Неверный формат номера телефона - ''
[2025-11-07 15:58:45] [ERROR]   - Строка 260: Неверный формат номера телефона - ''
[2025-11-07 15:58:45] [ERROR]   - Строка 261: Неверный формат номера телефона - ''
[2025-11-07 15:58:45] [ERROR]   - Строка 262: Неверный формат номера телефона - ''
[2025-11-07 15:58:45] [ERROR]   - Строка 263: Неверный формат номера телефона - ''
[2025-11-07 15:58:45] [ERROR]   - Строка 264: Неверный формат номера телефона - ''
[2025-11-07 15:58:45] [ERROR]   - Строка 265: Неверный формат номера телефона - ''
[2025-11-07 15:58:45] [ERROR]   - Строка 266: Неверный формат номера телефона - ''
[2025-11-07 15:58:45] [ERROR]   - Строка 267: Неверный формат номера телефона - ''
[2025-11-07 15:58:45] [ERROR]   - Строка 268: Неверный формат номера телефона - ''
[2025-11-07 15:58:45] [ERROR]   - Строка 269: Неверный формат номера телефона - ''
[2025-11-07 15:58:45] [ERROR]   - Строка 270: Неверный формат номера телефона - ''
[2025-11-07 15:58:45] [ERROR]   - Строка 271: Неверный формат номера телефона - ''
[2025-11-07 15:58:45] [ERROR]   - Строка 272: Неверный формат номера телефона - ''
[2025-11-07 15:58:45] [ERROR]   - Строка 273: Неверный формат номера телефона - ''
[2025-11-07 15:58:45] [ERROR] Критическая ошибка: Файл содержит ошибки валидации. Исправьте их и попробуйте снова.
[2025-11-07 16:04:14] [INFO] Начало импорта из файла: users_with_numbers.csv
[2025-11-07 16:04:14] [INFO] Время начала: 2025-11-07 16:04:14
[2025-11-07 16:04:14] [INFO] Прочитано записей: 272
[2025-11-07 16:04:14] [ERROR] Обнаружены ошибки валидации:
[2025-11-07 16:04:14] [ERROR]   - Строка 27: Неверный формат номера телефона - ''
[2025-11-07 16:04:14] [ERROR]   - Строка 37: Неверный формат номера телефона - ''
[2025-11-07 16:04:14] [ERROR]   - Строка 43: Дублирующийся номер 2071
[2025-11-07 16:04:14] [ERROR]   - Строка 60: Неверный формат номера телефона - ''
[2025-11-07 16:04:14] [ERROR]   - Строка 74: Дублирующийся номер 3011
[2025-11-07 16:04:14] [ERROR]   - Строка 75: Неверный формат номера телефона - ''
[2025-11-07 16:04:14] [ERROR]   - Строка 78: Неверный формат номера телефона - ''
[2025-11-07 16:04:14] [ERROR]   - Строка 79: Неверный формат номера телефона - ''
[2025-11-07 16:04:14] [ERROR]   - Строка 80: Неверный формат номера телефона - ''
[2025-11-07 16:04:14] [ERROR]   - Строка 81: Неверный формат номера телефона - ''
[2025-11-07 16:04:14] [ERROR]   - Строка 82: Неверный формат номера телефона - ''
[2025-11-07 16:04:14] [ERROR]   - Строка 86: Неверный формат номера телефона - ''
[2025-11-07 16:04:14] [ERROR]   - Строка 91: Неверный формат номера телефона - ''
[2025-11-07 16:04:14] [ERROR]   - Строка 95: Дублирующийся номер 3711
[2025-11-07 16:04:14] [ERROR]   - Строка 97: Неверный формат номера телефона - ''
[2025-11-07 16:04:14] [ERROR]   - Строка 99: Неверный формат номера телефона - ''
[2025-11-07 16:04:14] [ERROR]   - Строка 102: Дублирующийся номер 4212
[2025-11-07 16:04:14] [ERROR]   - Строка 105: Неверный формат номера телефона - ''
[2025-11-07 16:04:14] [ERROR]   - Строка 121: Неверный формат номера телефона - ''
[2025-11-07 16:04:14] [ERROR]   - Строка 122: Неверный формат номера телефона - ''
[2025-11-07 16:04:14] [ERROR]   - Строка 123: Неверный формат номера телефона - ''
[2025-11-07 16:04:14] [ERROR]   - Строка 124: Неверный формат номера телефона - ''
[2025-11-07 16:04:14] [ERROR]   - Строка 125: Неверный формат номера телефона - ''
[2025-11-07 16:04:14] [ERROR]   - Строка 126: Неверный формат номера телефона - ''
[2025-11-07 16:04:14] [ERROR]   - Строка 132: Неверный формат номера телефона - ''
[2025-11-07 16:04:14] [ERROR]   - Строка 136: Неверный формат номера телефона - ''
[2025-11-07 16:04:14] [ERROR]   - Строка 142: Неверный формат номера телефона - ''
[2025-11-07 16:04:14] [ERROR]   - Строка 162: Неверный формат номера телефона - ''
[2025-11-07 16:04:14] [ERROR]   - Строка 167: Неверный формат номера телефона - ''
[2025-11-07 16:04:14] [ERROR]   - Строка 169: Неверный формат номера телефона - ''
[2025-11-07 16:04:14] [ERROR]   - Строка 171: Неверный формат номера телефона - ''
[2025-11-07 16:04:14] [ERROR]   - Строка 176: Дублирующийся номер 2113
[2025-11-07 16:04:14] [ERROR]   - Строка 177: Неверный формат номера телефона - ''
[2025-11-07 16:04:14] [ERROR]   - Строка 178: Дублирующийся номер 4113
[2025-11-07 16:04:14] [ERROR]   - Строка 188: Неверный формат номера телефона - ''
[2025-11-07 16:04:14] [ERROR]   - Строка 193: Неверный формат номера телефона - ''
[2025-11-07 16:04:14] [ERROR]   - Строка 195: Неверный формат номера телефона - ''
[2025-11-07 16:04:14] [ERROR]   - Строка 196: Неверный формат номера телефона - ''
[2025-11-07 16:04:14] [ERROR]   - Строка 197: Неверный формат номера телефона - ''
[2025-11-07 16:04:14] [ERROR]   - Строка 198: Неверный формат номера телефона - ''
[2025-11-07 16:04:14] [ERROR]   - Строка 199: Неверный формат номера телефона - ''
[2025-11-07 16:04:14] [ERROR]   - Строка 200: Неверный формат номера телефона - ''
[2025-11-07 16:04:14] [ERROR]   - Строка 201: Дублирующийся номер 2100
[2025-11-07 16:04:14] [ERROR]   - Строка 204: Неверный формат номера телефона - ''
[2025-11-07 16:04:14] [ERROR]   - Строка 205: Неверный формат номера телефона - ''
[2025-11-07 16:04:14] [ERROR]   - Строка 208: Неверный формат номера телефона - ''
[2025-11-07 16:04:14] [ERROR]   - Строка 216: Неверный формат номера телефона - ''
[2025-11-07 16:04:14] [ERROR]   - Строка 217: Неверный формат номера телефона - ''
[2025-11-07 16:04:14] [ERROR]   - Строка 221: Неверный формат номера телефона - ''
[2025-11-07 16:04:14] [ERROR]   - Строка 227: Дублирующийся номер 2144
[2025-11-07 16:04:14] [ERROR]   - Строка 228: Дублирующийся номер 2114
[2025-11-07 16:04:14] [ERROR]   - Строка 229: Дублирующийся номер 2114
[2025-11-07 16:04:14] [ERROR]   - Строка 232: Неверный формат номера телефона - ''
[2025-11-07 16:04:14] [ERROR]   - Строка 236: Дублирующийся номер 2123
[2025-11-07 16:04:14] [ERROR]   - Строка 237: Неверный формат номера телефона - ''
[2025-11-07 16:04:14] [ERROR]   - Строка 240: Неверный формат номера телефона - ''
[2025-11-07 16:04:14] [ERROR]   - Строка 245: Неверный формат номера телефона - ''
[2025-11-07 16:04:14] [ERROR]   - Строка 249: Дублирующийся номер 2214
[2025-11-07 16:04:14] [ERROR]   - Строка 250: Неверный формат номера телефона - ''
[2025-11-07 16:04:14] [ERROR]   - Строка 251: Неверный формат номера телефона - ''
[2025-11-07 16:04:14] [ERROR]   - Строка 252: Неверный формат номера телефона - ''
[2025-11-07 16:04:14] [ERROR]   - Строка 253: Неверный формат номера телефона - ''
[2025-11-07 16:04:14] [ERROR]   - Строка 254: Неверный формат номера телефона - ''
[2025-11-07 16:04:14] [ERROR]   - Строка 255: Неверный формат номера телефона - ''
[2025-11-07 16:04:14] [ERROR]   - Строка 257: Неверный формат номера телефона - ''
[2025-11-07 16:04:14] [ERROR]   - Строка 258: Неверный формат номера телефона - ''
[2025-11-07 16:04:14] [ERROR]   - Строка 259: Неверный формат номера телефона - ''
[2025-11-07 16:04:14] [ERROR]   - Строка 260: Неверный формат номера телефона - ''
[2025-11-07 16:04:14] [ERROR]   - Строка 261: Неверный формат номера телефона - ''
[2025-11-07 16:04:14] [ERROR]   - Строка 262: Неверный формат номера телефона - ''
[2025-11-07 16:04:14] [ERROR]   - Строка 263: Неверный формат номера телефона - ''
[2025-11-07 16:04:14] [ERROR]   - Строка 264: Неверный формат номера телефона - ''
[2025-11-07 16:04:14] [ERROR]   - Строка 265: Неверный формат номера телефона - ''
[2025-11-07 16:04:14] [ERROR]   - Строка 266: Неверный формат номера телефона - ''
[2025-11-07 16:04:14] [ERROR]   - Строка 267: Неверный формат номера телефона - ''
[2025-11-07 16:04:14] [ERROR]   - Строка 268: Неверный формат номера телефона - ''
[2025-11-07 16:04:14] [ERROR]   - Строка 269: Неверный формат номера телефона - ''
[2025-11-07 16:04:14] [ERROR]   - Строка 270: Неверный формат номера телефона - ''
[2025-11-07 16:04:14] [ERROR]   - Строка 271: Неверный формат номера телефона - ''
[2025-11-07 16:04:14] [ERROR]   - Строка 272: Неверный формат номера телефона - ''
[2025-11-07 16:04:14] [ERROR]   - Строка 273: Неверный формат номера телефона - ''
[2025-11-07 16:04:14] [ERROR] Критическая ошибка: Файл содержит ошибки валидации. Исправьте их и попробуйте снова.
[2025-11-07 16:04:31] [INFO] Начало импорта из файла: users_with_numbers_fixed.csv
[2025-11-07 16:04:31] [INFO] Время начала: 2025-11-07 16:04:31
[2025-11-07 16:04:31] [INFO] Прочитано записей: 1
[2025-11-07 16:04:31] [SUCCESS] Валидация данных пройдена успешно
[2025-11-07 16:04:31] [INFO] Начало обработки записей...
[2025-11-07 16:04:31] [INFO] Строка 2: Обновление пользователя 1306 -> номер 2087
[2025-11-07 16:04:32] [ERROR] ✗ Ошибка для пользователя 1306: Invalid request credentials
[2025-11-07 16:04:32] [INFO] 
==================================================
[2025-11-07 16:04:32] [INFO] ФИНАЛЬНЫЙ ОТЧЕТ
[2025-11-07 16:04:32] [INFO] ==================================================
[2025-11-07 16:04:32] [INFO] Всего записей в файле: 1
[2025-11-07 16:04:32] [INFO] Успешно обновлено: 0
[2025-11-07 16:04:32] [INFO] Ошибок: 1
[2025-11-07 16:04:32] [INFO] Пропущено: 0
[2025-11-07 16:04:32] [INFO] Полный отчет сохранен в: import_report_2025-11-07_16-04-32.csv
[2025-11-07 16:04:32] [INFO] Список ошибок сохранен в: import_errors_2025-11-07_16-04-32.csv
[2025-11-07 16:04:32] [INFO] Время завершения: 2025-11-07 16:04:32
[2025-11-07 16:06:20] [INFO] Начало импорта из файла: users_with_numbers_fixed.csv
[2025-11-07 16:06:20] [INFO] Время начала: 2025-11-07 16:06:20
[2025-11-07 16:06:20] [INFO] Прочитано записей: 1
[2025-11-07 16:06:20] [SUCCESS] Валидация данных пройдена успешно
[2025-11-07 16:06:20] [INFO] Начало обработки записей...
[2025-11-07 16:06:20] [INFO] Строка 2: Обновление пользователя 1306 -> номер 2087
[2025-11-07 16:06:20] [SUCCESS] ✓ Успешно обновлен пользователь 1306
[2025-11-07 16:06:20] [INFO] 
==================================================
[2025-11-07 16:06:20] [INFO] ФИНАЛЬНЫЙ ОТЧЕТ
[2025-11-07 16:06:20] [INFO] ==================================================
[2025-11-07 16:06:20] [INFO] Всего записей в файле: 1
[2025-11-07 16:06:20] [INFO] Успешно обновлено: 1
[2025-11-07 16:06:20] [INFO] Ошибок: 0
[2025-11-07 16:06:20] [INFO] Пропущено: 0
[2025-11-07 16:06:20] [INFO] Полный отчет сохранен в: import_report_2025-11-07_16-06-20.csv
[2025-11-07 16:06:20] [INFO] Список успешных операций сохранен в: import_success_2025-11-07_16-06-20.csv
[2025-11-07 16:06:20] [INFO] Время завершения: 2025-11-07 16:06:20
[2025-11-07 16:07:06] [INFO] Начало импорта из файла: users_with_numbers_fixed.csv
[2025-11-07 16:07:06] [INFO] Время начала: 2025-11-07 16:07:06
[2025-11-07 16:07:06] [INFO] Прочитано записей: 271
[2025-11-07 16:07:06] [ERROR] Обнаружены ошибки валидации:
[2025-11-07 16:07:06] [ERROR]   - Строка 229: Дублирующийся номер 21142
[2025-11-07 16:07:06] [ERROR] Критическая ошибка: Файл содержит ошибки валидации. Исправьте их и попробуйте снова.
[2025-11-07 16:07:49] [INFO] Начало импорта из файла: users_with_numbers_fixed.csv
[2025-11-07 16:07:49] [INFO] Время начала: 2025-11-07 16:07:49
[2025-11-07 16:07:49] [INFO] Прочитано записей: 271
[2025-11-07 16:07:49] [ERROR] Обнаружены ошибки валидации:
[2025-11-07 16:07:49] [ERROR]   - Строка 229: Дублирующийся номер 21142
[2025-11-07 16:07:49] [ERROR] Критическая ошибка: Файл содержит ошибки валидации. Исправьте их и попробуйте снова.
[2025-11-07 16:07:58] [INFO] Начало импорта из файла: users_with_numbers_fixed.csv
[2025-11-07 16:07:58] [INFO] Время начала: 2025-11-07 16:07:58
[2025-11-07 16:07:58] [INFO] Прочитано записей: 271
[2025-11-07 16:07:58] [ERROR] Обнаружены ошибки валидации:
[2025-11-07 16:07:58] [ERROR]   - Строка 227: Дублирующийся номер 2144
[2025-11-07 16:07:58] [ERROR] Критическая ошибка: Файл содержит ошибки валидации. Исправьте их и попробуйте снова.
[2025-11-07 16:08:17] [INFO] Начало импорта из файла: users_with_numbers_fixed.csv
[2025-11-07 16:08:17] [INFO] Время начала: 2025-11-07 16:08:17
[2025-11-07 16:08:17] [INFO] Прочитано записей: 271
[2025-11-07 16:08:17] [SUCCESS] Валидация данных пройдена успешно
[2025-11-07 16:08:17] [INFO] Начало обработки записей...
[2025-11-07 16:08:17] [INFO] Строка 2: Обновление пользователя 1 -> номер 2080
[2025-11-07 16:08:17] [SUCCESS] ✓ Успешно обновлен пользователь 1
[2025-11-07 16:08:17] [INFO] Строка 3: Обновление пользователя 7 -> номер 2075
[2025-11-07 16:08:18] [SUCCESS] ✓ Успешно обновлен пользователь 7
[2025-11-07 16:08:18] [INFO] Строка 4: Обновление пользователя 25 -> номер 2088
[2025-11-07 16:08:19] [SUCCESS] ✓ Успешно обновлен пользователь 25
[2025-11-07 16:08:19] [INFO] Строка 5: Обновление пользователя 29 -> номер 2086
[2025-11-07 16:08:19] [SUCCESS] ✓ Успешно обновлен пользователь 29
[2025-11-07 16:08:20] [INFO] Строка 6: Обновление пользователя 31 -> номер 2089
[2025-11-07 16:08:20] [SUCCESS] ✓ Успешно обновлен пользователь 31
[2025-11-07 16:08:20] [INFO] Строка 7: Обновление пользователя 35 -> номер 5351
[2025-11-07 16:08:21] [SUCCESS] ✓ Успешно обновлен пользователь 35
[2025-11-07 16:08:21] [INFO] Строка 8: Обновление пользователя 37 -> номер 2084
[2025-11-07 16:08:22] [SUCCESS] ✓ Успешно обновлен пользователь 37
[2025-11-07 16:08:22] [INFO] Строка 9: Обновление пользователя 43 -> номер 2081
[2025-11-07 16:08:22] [ERROR] ✗ Ошибка для пользователя 43: Ошибка заполнения поля "Внутренний номер", указанный номер уже используется другим сотрудником или группой телефонии. 
[2025-11-07 16:08:22] [INFO] Строка 10: Обновление пользователя 49 -> номер 2076
[2025-11-07 16:08:23] [SUCCESS] ✓ Успешно обновлен пользователь 49
[2025-11-07 16:08:23] [INFO] Строка 11: Обновление пользователя 53 -> номер 2005
[2025-11-07 16:08:24] [SUCCESS] ✓ Успешно обновлен пользователь 53
[2025-11-07 16:08:24] [INFO] Строка 12: Обновление пользователя 57 -> номер 2012
[2025-11-07 16:08:24] [SUCCESS] ✓ Успешно обновлен пользователь 57
[2025-11-07 16:08:25] [INFO] Строка 13: Обновление пользователя 59 -> номер 2011
[2025-11-07 16:08:25] [SUCCESS] ✓ Успешно обновлен пользователь 59
[2025-11-07 16:08:25] [INFO] Строка 14: Обновление пользователя 61 -> номер 2014
[2025-11-07 16:08:26] [SUCCESS] ✓ Успешно обновлен пользователь 61
[2025-11-07 16:08:26] [INFO] Строка 15: Обновление пользователя 63 -> номер 2020
[2025-11-07 16:08:27] [SUCCESS] ✓ Успешно обновлен пользователь 63
[2025-11-07 16:08:27] [INFO] Строка 16: Обновление пользователя 65 -> номер 2035
[2025-11-07 16:08:27] [SUCCESS] ✓ Успешно обновлен пользователь 65
[2025-11-07 16:08:28] [INFO] Строка 17: Обновление пользователя 67 -> номер 2041
[2025-11-07 16:08:28] [SUCCESS] ✓ Успешно обновлен пользователь 67
[2025-11-07 16:08:28] [INFO] Строка 18: Обновление пользователя 69 -> номер 2040
[2025-11-07 16:08:29] [SUCCESS] ✓ Успешно обновлен пользователь 69
[2025-11-07 16:08:29] [INFO] Строка 19: Обновление пользователя 71 -> номер 2030
[2025-11-07 16:08:30] [SUCCESS] ✓ Успешно обновлен пользователь 71
[2025-11-07 16:08:30] [INFO] Строка 20: Обновление пользователя 73 -> номер 718
[2025-11-07 16:08:30] [SUCCESS] ✓ Успешно обновлен пользователь 73
[2025-11-07 16:08:31] [INFO] Строка 21: Обновление пользователя 75 -> номер 724
[2025-11-07 16:08:31] [SUCCESS] ✓ Успешно обновлен пользователь 75
[2025-11-07 16:08:31] [INFO] Строка 22: Обновление пользователя 79 -> номер 723
[2025-11-07 16:08:32] [SUCCESS] ✓ Успешно обновлен пользователь 79
[2025-11-07 16:08:32] [INFO] Строка 23: Обновление пользователя 81 -> номер 3002
[2025-11-07 16:08:32] [SUCCESS] ✓ Успешно обновлен пользователь 81
[2025-11-07 16:08:33] [INFO] Строка 24: Обновление пользователя 83 -> номер 3010
[2025-11-07 16:08:33] [SUCCESS] ✓ Успешно обновлен пользователь 83
[2025-11-07 16:08:33] [INFO] Строка 25: Обновление пользователя 85 -> номер 3310
[2025-11-07 16:08:34] [SUCCESS] ✓ Успешно обновлен пользователь 85
[2025-11-07 16:08:34] [INFO] Строка 26: Обновление пользователя 87 -> номер 3410
[2025-11-07 16:08:35] [SUCCESS] ✓ Успешно обновлен пользователь 87
[2025-11-07 16:08:35] [WARNING] Строка 27: Пропуск - временный номер (ID: 91)
[2025-11-07 16:08:35] [INFO] Строка 28: Обновление пользователя 93 -> номер 4210
[2025-11-07 16:08:36] [SUCCESS] ✓ Успешно обновлен пользователь 93
[2025-11-07 16:08:36] [INFO] Строка 29: Обновление пользователя 95 -> номер 3610
[2025-11-07 16:08:36] [SUCCESS] ✓ Успешно обновлен пользователь 95
[2025-11-07 16:08:37] [INFO] Строка 30: Обновление пользователя 97 -> номер 4110
[2025-11-07 16:08:37] [SUCCESS] ✓ Успешно обновлен пользователь 97
[2025-11-07 16:08:37] [INFO] Строка 31: Обновление пользователя 101 -> номер 3180
[2025-11-07 16:08:38] [SUCCESS] ✓ Успешно обновлен пользователь 101
[2025-11-07 16:08:38] [INFO] Строка 32: Обновление пользователя 103 -> номер 3189
[2025-11-07 16:08:38] [SUCCESS] ✓ Успешно обновлен пользователь 103
[2025-11-07 16:08:39] [INFO] Строка 33: Обновление пользователя 107 -> номер 2017
[2025-11-07 16:08:39] [SUCCESS] ✓ Успешно обновлен пользователь 107
[2025-11-07 16:08:39] [INFO] Строка 34: Обновление пользователя 109 -> номер 2090
[2025-11-07 16:08:40] [SUCCESS] ✓ Успешно обновлен пользователь 109
[2025-11-07 16:08:40] [INFO] Строка 35: Обновление пользователя 111 -> номер 2091
[2025-11-07 16:08:40] [SUCCESS] ✓ Успешно обновлен пользователь 111
[2025-11-07 16:08:41] [INFO] Строка 36: Обновление пользователя 115 -> номер 2100
[2025-11-07 16:08:41] [SUCCESS] ✓ Успешно обновлен пользователь 115
[2025-11-07 16:08:41] [WARNING] Строка 37: Пропуск - временный номер (ID: 117)
[2025-11-07 16:08:42] [INFO] Строка 38: Обновление пользователя 119 -> номер 2130
[2025-11-07 16:08:42] [SUCCESS] ✓ Успешно обновлен пользователь 119
[2025-11-07 16:08:42] [INFO] Строка 39: Обновление пользователя 121 -> номер 2013
[2025-11-07 16:08:43] [SUCCESS] ✓ Успешно обновлен пользователь 121
[2025-11-07 16:08:43] [INFO] Строка 40: Обновление пользователя 123 -> номер 3008
[2025-11-07 16:08:44] [SUCCESS] ✓ Успешно обновлен пользователь 123
[2025-11-07 16:08:44] [INFO] Строка 41: Обновление пользователя 127 -> номер 2072
[2025-11-07 16:08:44] [SUCCESS] ✓ Успешно обновлен пользователь 127
[2025-11-07 16:08:45] [INFO] Строка 42: Обновление пользователя 129 -> номер 2071
[2025-11-07 16:08:45] [ERROR] ✗ Ошибка для пользователя 129: Ошибка заполнения поля "Внутренний номер", указанный номер уже используется другим сотрудником или группой телефонии. 
[2025-11-07 16:08:45] [INFO] Строка 43: Обновление пользователя 133 -> номер 20712
[2025-11-07 16:08:45] [ERROR] ✗ Ошибка для пользователя 133: Ошибка заполнения поля "Внутренний номер", номер должен быть цифрой от 1 до 9999. 
[2025-11-07 16:08:46] [INFO] Строка 44: Обновление пользователя 135 -> номер 2074
[2025-11-07 16:08:46] [SUCCESS] ✓ Успешно обновлен пользователь 135
[2025-11-07 16:08:46] [INFO] Строка 45: Обновление пользователя 137 -> номер 2023
[2025-11-07 16:08:47] [SUCCESS] ✓ Успешно обновлен пользователь 137
[2025-11-07 16:08:47] [INFO] Строка 46: Обновление пользователя 141 -> номер 2024
[2025-11-07 16:08:48] [SUCCESS] ✓ Успешно обновлен пользователь 141
[2025-11-07 16:08:48] [INFO] Строка 47: Обновление пользователя 143 -> номер 2025
[2025-11-07 16:08:48] [SUCCESS] ✓ Успешно обновлен пользователь 143
[2025-11-07 16:08:49] [INFO] Строка 48: Обновление пользователя 145 -> номер 2021
[2025-11-07 16:08:49] [SUCCESS] ✓ Успешно обновлен пользователь 145
[2025-11-07 16:08:49] [INFO] Строка 49: Обновление пользователя 149 -> номер 2029
[2025-11-07 16:08:50] [SUCCESS] ✓ Успешно обновлен пользователь 149
[2025-11-07 16:08:50] [INFO] Строка 50: Обновление пользователя 151 -> номер 2125
[2025-11-07 16:08:50] [SUCCESS] ✓ Успешно обновлен пользователь 151
[2025-11-07 16:08:51] [INFO] Строка 51: Обновление пользователя 153 -> номер 2126
[2025-11-07 16:08:51] [SUCCESS] ✓ Успешно обновлен пользователь 153
[2025-11-07 16:08:51] [INFO] Строка 52: Обновление пользователя 157 -> номер 2122
[2025-11-07 16:08:52] [SUCCESS] ✓ Успешно обновлен пользователь 157
[2025-11-07 16:08:52] [INFO] Строка 53: Обновление пользователя 159 -> номер 2123
[2025-11-07 16:08:52] [SUCCESS] ✓ Успешно обновлен пользователь 159
[2025-11-07 16:08:53] [INFO] Строка 54: Обновление пользователя 161 -> номер 2124
[2025-11-07 16:08:53] [SUCCESS] ✓ Успешно обновлен пользователь 161
[2025-11-07 16:08:53] [INFO] Строка 55: Обновление пользователя 163 -> номер 2026
[2025-11-07 16:08:54] [SUCCESS] ✓ Успешно обновлен пользователь 163
[2025-11-07 16:08:54] [INFO] Строка 56: Обновление пользователя 167 -> номер 2036
[2025-11-07 16:08:54] [SUCCESS] ✓ Успешно обновлен пользователь 167
[2025-11-07 16:08:55] [INFO] Строка 57: Обновление пользователя 169 -> номер 2037
[2025-11-07 16:08:55] [SUCCESS] ✓ Успешно обновлен пользователь 169
[2025-11-07 16:08:55] [INFO] Строка 58: Обновление пользователя 171 -> номер 2238
[2025-11-07 16:08:56] [SUCCESS] ✓ Успешно обновлен пользователь 171
[2025-11-07 16:08:56] [INFO] Строка 59: Обновление пользователя 173 -> номер 2239
[2025-11-07 16:08:57] [SUCCESS] ✓ Успешно обновлен пользователь 173
[2025-11-07 16:08:57] [WARNING] Строка 60: Пропуск - временный номер (ID: 175)
[2025-11-07 16:08:57] [INFO] Строка 61: Обновление пользователя 177 -> номер 2171
[2025-11-07 16:08:58] [SUCCESS] ✓ Успешно обновлен пользователь 177
[2025-11-07 16:08:58] [INFO] Строка 62: Обновление пользователя 179 -> номер 2046
[2025-11-07 16:08:58] [SUCCESS] ✓ Успешно обновлен пользователь 179
[2025-11-07 16:08:59] [INFO] Строка 63: Обновление пользователя 181 -> номер 2042
[2025-11-07 16:08:59] [SUCCESS] ✓ Успешно обновлен пользователь 181
[2025-11-07 16:08:59] [INFO] Строка 64: Обновление пользователя 183 -> номер 2144
[2025-11-07 16:09:00] [SUCCESS] ✓ Успешно обновлен пользователь 183
[2025-11-07 16:09:00] [INFO] Строка 65: Обновление пользователя 185 -> номер 2043
[2025-11-07 16:09:00] [SUCCESS] ✓ Успешно обновлен пользователь 185
[2025-11-07 16:09:01] [INFO] Строка 66: Обновление пользователя 187 -> номер 2032
[2025-11-07 16:09:01] [SUCCESS] ✓ Успешно обновлен пользователь 187
[2025-11-07 16:09:01] [INFO] Строка 67: Обновление пользователя 189 -> номер 2031
[2025-11-07 16:09:02] [SUCCESS] ✓ Успешно обновлен пользователь 189
[2025-11-07 16:09:02] [INFO] Строка 68: Обновление пользователя 191 -> номер 2139
[2025-11-07 16:09:03] [SUCCESS] ✓ Успешно обновлен пользователь 191
[2025-11-07 16:09:03] [INFO] Строка 69: Обновление пользователя 193 -> номер 2033
[2025-11-07 16:09:03] [SUCCESS] ✓ Успешно обновлен пользователь 193
[2025-11-07 16:09:04] [INFO] Строка 70: Обновление пользователя 201 -> номер 711
[2025-11-07 16:09:04] [SUCCESS] ✓ Успешно обновлен пользователь 201
[2025-11-07 16:09:04] [INFO] Строка 71: Обновление пользователя 203 -> номер 717
[2025-11-07 16:09:05] [SUCCESS] ✓ Успешно обновлен пользователь 203
[2025-11-07 16:09:05] [INFO] Строка 72: Обновление пользователя 207 -> номер 716
[2025-11-07 16:09:05] [SUCCESS] ✓ Успешно обновлен пользователь 207
[2025-11-07 16:09:06] [INFO] Строка 73: Обновление пользователя 221 -> номер 3011
[2025-11-07 16:09:07] [SUCCESS] ✓ Успешно обновлен пользователь 221
[2025-11-07 16:09:07] [INFO] Строка 74: Обновление пользователя 225 -> номер 30112
[2025-11-07 16:09:07] [ERROR] ✗ Ошибка для пользователя 225: Ошибка заполнения поля "Внутренний номер", номер должен быть цифрой от 1 до 9999. 
[2025-11-07 16:09:08] [WARNING] Строка 75: Пропуск - временный номер (ID: 229)
[2025-11-07 16:09:08] [INFO] Строка 76: Обновление пользователя 231 -> номер 5314
[2025-11-07 16:09:08] [SUCCESS] ✓ Успешно обновлен пользователь 231
[2025-11-07 16:09:09] [INFO] Строка 77: Обновление пользователя 233 -> номер 5311
[2025-11-07 16:09:09] [SUCCESS] ✓ Успешно обновлен пользователь 233
[2025-11-07 16:09:09] [WARNING] Строка 78: Пропуск - временный номер (ID: 235)
[2025-11-07 16:09:10] [WARNING] Строка 79: Пропуск - временный номер (ID: 237)
[2025-11-07 16:09:10] [WARNING] Строка 80: Пропуск - временный номер (ID: 239)
[2025-11-07 16:09:10] [WARNING] Строка 81: Пропуск - временный номер (ID: 241)
[2025-11-07 16:09:11] [WARNING] Строка 82: Пропуск - временный номер (ID: 243)
[2025-11-07 16:09:11] [INFO] Строка 83: Обновление пользователя 245 -> номер 3311
[2025-11-07 16:09:11] [SUCCESS] ✓ Успешно обновлен пользователь 245
[2025-11-07 16:09:12] [INFO] Строка 84: Обновление пользователя 247 -> номер 3312
[2025-11-07 16:09:12] [SUCCESS] ✓ Успешно обновлен пользователь 247
[2025-11-07 16:09:12] [INFO] Строка 85: Обновление пользователя 249 -> номер 3313
[2025-11-07 16:09:13] [SUCCESS] ✓ Успешно обновлен пользователь 249
[2025-11-07 16:09:13] [WARNING] Строка 86: Пропуск - временный номер (ID: 251)
[2025-11-07 16:09:13] [INFO] Строка 87: Обновление пользователя 253 -> номер 3314
[2025-11-07 16:09:14] [SUCCESS] ✓ Успешно обновлен пользователь 253
[2025-11-07 16:09:14] [INFO] Строка 88: Обновление пользователя 255 -> номер 5411
[2025-11-07 16:09:14] [SUCCESS] ✓ Успешно обновлен пользователь 255
[2025-11-07 16:09:15] [INFO] Строка 89: Обновление пользователя 257 -> номер 3412
[2025-11-07 16:09:15] [SUCCESS] ✓ Успешно обновлен пользователь 257
[2025-11-07 16:09:15] [INFO] Строка 90: Обновление пользователя 259 -> номер 5412
[2025-11-07 16:09:16] [SUCCESS] ✓ Успешно обновлен пользователь 259
[2025-11-07 16:09:16] [WARNING] Строка 91: Пропуск - временный номер (ID: 261)
[2025-11-07 16:09:16] [INFO] Строка 92: Обновление пользователя 271 -> номер 4011
[2025-11-07 16:09:17] [SUCCESS] ✓ Успешно обновлен пользователь 271
[2025-11-07 16:09:17] [INFO] Строка 93: Обновление пользователя 273 -> номер 4012
[2025-11-07 16:09:17] [SUCCESS] ✓ Успешно обновлен пользователь 273
[2025-11-07 16:09:18] [INFO] Строка 94: Обновление пользователя 275 -> номер 3711
[2025-11-07 16:09:18] [SUCCESS] ✓ Успешно обновлен пользователь 275
[2025-11-07 16:09:18] [INFO] Строка 95: Обновление пользователя 277 -> номер 37112
[2025-11-07 16:09:19] [ERROR] ✗ Ошибка для пользователя 277: Ошибка заполнения поля "Внутренний номер", номер должен быть цифрой от 1 до 9999. 
[2025-11-07 16:09:19] [INFO] Строка 96: Обновление пользователя 279 -> номер 3713
[2025-11-07 16:09:19] [SUCCESS] ✓ Успешно обновлен пользователь 279
[2025-11-07 16:09:20] [WARNING] Строка 97: Пропуск - временный номер (ID: 281)
[2025-11-07 16:09:20] [INFO] Строка 98: Обновление пользователя 283 -> номер 3717
[2025-11-07 16:09:20] [SUCCESS] ✓ Успешно обновлен пользователь 283
[2025-11-07 16:09:21] [WARNING] Строка 99: Пропуск - временный номер (ID: 285)
[2025-11-07 16:09:21] [INFO] Строка 100: Обновление пользователя 287 -> номер 4211
[2025-11-07 16:09:21] [SUCCESS] ✓ Успешно обновлен пользователь 287
[2025-11-07 16:09:22] [INFO] Строка 101: Обновление пользователя 289 -> номер 4212
[2025-11-07 16:09:22] [SUCCESS] ✓ Успешно обновлен пользователь 289
[2025-11-07 16:09:22] [INFO] Строка 102: Обновление пользователя 291 -> номер 42122
[2025-11-07 16:09:24] [ERROR] ✗ Ошибка для пользователя 291: Ошибка заполнения поля "Внутренний номер", номер должен быть цифрой от 1 до 9999. 
[2025-11-07 16:09:24] [INFO] Строка 103: Обновление пользователя 297 -> номер 3612
[2025-11-07 16:09:24] [SUCCESS] ✓ Успешно обновлен пользователь 297
[2025-11-07 16:09:25] [INFO] Строка 104: Обновление пользователя 301 -> номер 3615
[2025-11-07 16:09:25] [SUCCESS] ✓ Успешно обновлен пользователь 301
[2025-11-07 16:09:25] [WARNING] Строка 105: Пропуск - временный номер (ID: 303)
[2025-11-07 16:09:26] [INFO] Строка 106: Обновление пользователя 305 -> номер 4111
[2025-11-07 16:09:26] [SUCCESS] ✓ Успешно обновлен пользователь 305
[2025-11-07 16:09:27] [INFO] Строка 107: Обновление пользователя 307 -> номер 4112
[2025-11-07 16:09:27] [SUCCESS] ✓ Успешно обновлен пользователь 307
[2025-11-07 16:09:27] [INFO] Строка 108: Обновление пользователя 309 -> номер 4113
[2025-11-07 16:09:28] [SUCCESS] ✓ Успешно обновлен пользователь 309
[2025-11-07 16:09:28] [INFO] Строка 109: Обновление пользователя 313 -> номер 728
[2025-11-07 16:09:28] [SUCCESS] ✓ Успешно обновлен пользователь 313
[2025-11-07 16:09:29] [INFO] Строка 110: Обновление пользователя 319 -> номер 732
[2025-11-07 16:09:29] [SUCCESS] ✓ Успешно обновлен пользователь 319
[2025-11-07 16:09:29] [INFO] Строка 111: Обновление пользователя 321 -> номер 2050
[2025-11-07 16:09:30] [SUCCESS] ✓ Успешно обновлен пользователь 321
[2025-11-07 16:09:30] [INFO] Строка 112: Обновление пользователя 323 -> номер 2059
[2025-11-07 16:09:30] [SUCCESS] ✓ Успешно обновлен пользователь 323
[2025-11-07 16:09:31] [INFO] Строка 113: Обновление пользователя 329 -> номер 703
[2025-11-07 16:09:31] [SUCCESS] ✓ Успешно обновлен пользователь 329
[2025-11-07 16:09:31] [INFO] Строка 114: Обновление пользователя 331 -> номер 712
[2025-11-07 16:09:32] [SUCCESS] ✓ Успешно обновлен пользователь 331
[2025-11-07 16:09:32] [INFO] Строка 115: Обновление пользователя 335 -> номер 731
[2025-11-07 16:09:32] [SUCCESS] ✓ Успешно обновлен пользователь 335
[2025-11-07 16:09:33] [INFO] Строка 116: Обновление пользователя 341 -> номер 3145
[2025-11-07 16:09:33] [SUCCESS] ✓ Успешно обновлен пользователь 341
[2025-11-07 16:09:33] [INFO] Строка 117: Обновление пользователя 343 -> номер 707
[2025-11-07 16:09:34] [SUCCESS] ✓ Успешно обновлен пользователь 343
[2025-11-07 16:09:34] [INFO] Строка 118: Обновление пользователя 345 -> номер 3114
[2025-11-07 16:09:34] [SUCCESS] ✓ Успешно обновлен пользователь 345
[2025-11-07 16:09:35] [INFO] Строка 119: Обновление пользователя 349 -> номер 3143
[2025-11-07 16:09:35] [SUCCESS] ✓ Успешно обновлен пользователь 349
[2025-11-07 16:09:35] [INFO] Строка 120: Обновление пользователя 351 -> номер 3146
[2025-11-07 16:09:36] [SUCCESS] ✓ Успешно обновлен пользователь 351
[2025-11-07 16:09:36] [WARNING] Строка 121: Пропуск - временный номер (ID: 353)
[2025-11-07 16:09:36] [WARNING] Строка 122: Пропуск - временный номер (ID: 355)
[2025-11-07 16:09:37] [WARNING] Строка 123: Пропуск - временный номер (ID: 357)
[2025-11-07 16:09:37] [WARNING] Строка 124: Пропуск - временный номер (ID: 361)
[2025-11-07 16:09:37] [WARNING] Строка 125: Пропуск - временный номер (ID: 363)
[2025-11-07 16:09:38] [WARNING] Строка 126: Пропуск - временный номер (ID: 365)
[2025-11-07 16:09:38] [INFO] Строка 127: Обновление пользователя 367 -> номер 3181
[2025-11-07 16:09:38] [SUCCESS] ✓ Успешно обновлен пользователь 367
[2025-11-07 16:09:39] [INFO] Строка 128: Обновление пользователя 369 -> номер 3186
[2025-11-07 16:09:39] [SUCCESS] ✓ Успешно обновлен пользователь 369
[2025-11-07 16:09:39] [INFO] Строка 129: Обновление пользователя 371 -> номер 3185
[2025-11-07 16:09:40] [SUCCESS] ✓ Успешно обновлен пользователь 371
[2025-11-07 16:09:40] [INFO] Строка 130: Обновление пользователя 373 -> номер 3191
[2025-11-07 16:09:40] [SUCCESS] ✓ Успешно обновлен пользователь 373
[2025-11-07 16:09:41] [INFO] Строка 131: Обновление пользователя 377 -> номер 3195
[2025-11-07 16:09:41] [SUCCESS] ✓ Успешно обновлен пользователь 377
[2025-11-07 16:09:42] [WARNING] Строка 132: Пропуск - временный номер (ID: 379)
[2025-11-07 16:09:42] [INFO] Строка 133: Обновление пользователя 385 -> номер 3184
[2025-11-07 16:09:42] [SUCCESS] ✓ Успешно обновлен пользователь 385
[2025-11-07 16:09:43] [INFO] Строка 134: Обновление пользователя 387 -> номер 3115
[2025-11-07 16:09:43] [SUCCESS] ✓ Успешно обновлен пользователь 387
[2025-11-07 16:09:43] [INFO] Строка 135: Обновление пользователя 389 -> номер 3116
[2025-11-07 16:09:44] [SUCCESS] ✓ Успешно обновлен пользователь 389
[2025-11-07 16:09:44] [WARNING] Строка 136: Пропуск - временный номер (ID: 391)
[2025-11-07 16:09:44] [INFO] Строка 137: Обновление пользователя 393 -> номер 3112
[2025-11-07 16:09:45] [SUCCESS] ✓ Успешно обновлен пользователь 393
[2025-11-07 16:09:45] [INFO] Строка 138: Обновление пользователя 395 -> номер 3111
[2025-11-07 16:09:45] [SUCCESS] ✓ Успешно обновлен пользователь 395
[2025-11-07 16:09:46] [INFO] Строка 139: Обновление пользователя 397 -> номер 3110
[2025-11-07 16:09:46] [SUCCESS] ✓ Успешно обновлен пользователь 397
[2025-11-07 16:09:46] [INFO] Строка 140: Обновление пользователя 399 -> номер 3117
[2025-11-07 16:09:47] [SUCCESS] ✓ Успешно обновлен пользователь 399
[2025-11-07 16:09:47] [INFO] Строка 141: Обновление пользователя 401 -> номер 2065
[2025-11-07 16:09:47] [SUCCESS] ✓ Успешно обновлен пользователь 401
[2025-11-07 16:09:48] [WARNING] Строка 142: Пропуск - временный номер (ID: 403)
[2025-11-07 16:09:48] [INFO] Строка 143: Обновление пользователя 405 -> номер 2063
[2025-11-07 16:09:48] [SUCCESS] ✓ Успешно обновлен пользователь 405
[2025-11-07 16:09:49] [INFO] Строка 144: Обновление пользователя 407 -> номер 2097
[2025-11-07 16:09:49] [SUCCESS] ✓ Успешно обновлен пользователь 407
[2025-11-07 16:09:49] [INFO] Строка 145: Обновление пользователя 409 -> номер 2066
[2025-11-07 16:09:50] [SUCCESS] ✓ Успешно обновлен пользователь 409
[2025-11-07 16:09:50] [INFO] Строка 146: Обновление пользователя 411 -> номер 2067
[2025-11-07 16:09:50] [SUCCESS] ✓ Успешно обновлен пользователь 411
[2025-11-07 16:09:51] [INFO] Строка 147: Обновление пользователя 413 -> номер 2068
[2025-11-07 16:09:51] [SUCCESS] ✓ Успешно обновлен пользователь 413
[2025-11-07 16:09:51] [INFO] Строка 148: Обновление пользователя 415 -> номер 2093
[2025-11-07 16:09:52] [SUCCESS] ✓ Успешно обновлен пользователь 415
[2025-11-07 16:09:52] [INFO] Строка 149: Обновление пользователя 419 -> номер 2062
[2025-11-07 16:09:52] [SUCCESS] ✓ Успешно обновлен пользователь 419
[2025-11-07 16:09:53] [INFO] Строка 150: Обновление пользователя 421 -> номер 2060
[2025-11-07 16:09:53] [SUCCESS] ✓ Успешно обновлен пользователь 421
[2025-11-07 16:09:53] [INFO] Строка 151: Обновление пользователя 423 -> номер 2061
[2025-11-07 16:09:54] [SUCCESS] ✓ Успешно обновлен пользователь 423
[2025-11-07 16:09:54] [INFO] Строка 152: Обновление пользователя 425 -> номер 2064
[2025-11-07 16:09:55] [SUCCESS] ✓ Успешно обновлен пользователь 425
[2025-11-07 16:09:55] [INFO] Строка 153: Обновление пользователя 427 -> номер 2096
[2025-11-07 16:09:55] [SUCCESS] ✓ Успешно обновлен пользователь 427
[2025-11-07 16:09:56] [INFO] Строка 154: Обновление пользователя 429 -> номер 2094
[2025-11-07 16:09:56] [SUCCESS] ✓ Успешно обновлен пользователь 429
[2025-11-07 16:09:56] [INFO] Строка 155: Обновление пользователя 431 -> номер 2303
[2025-11-07 16:09:57] [SUCCESS] ✓ Успешно обновлен пользователь 431
[2025-11-07 16:09:57] [INFO] Строка 156: Обновление пользователя 433 -> номер 2102
[2025-11-07 16:09:57] [SUCCESS] ✓ Успешно обновлен пользователь 433
[2025-11-07 16:09:58] [INFO] Строка 157: Обновление пользователя 435 -> номер 2103
[2025-11-07 16:09:58] [SUCCESS] ✓ Успешно обновлен пользователь 435
[2025-11-07 16:09:58] [INFO] Строка 158: Обновление пользователя 445 -> номер 2131
[2025-11-07 16:09:59] [SUCCESS] ✓ Успешно обновлен пользователь 445
[2025-11-07 16:09:59] [INFO] Строка 159: Обновление пользователя 449 -> номер 2108
[2025-11-07 16:10:00] [SUCCESS] ✓ Успешно обновлен пользователь 449
[2025-11-07 16:10:00] [INFO] Строка 160: Обновление пользователя 453 -> номер 2305
[2025-11-07 16:10:00] [SUCCESS] ✓ Успешно обновлен пользователь 453
[2025-11-07 16:10:01] [INFO] Строка 161: Обновление пользователя 455 -> номер 3413
[2025-11-07 16:10:01] [SUCCESS] ✓ Успешно обновлен пользователь 455
[2025-11-07 16:10:01] [WARNING] Строка 162: Пропуск - временный номер (ID: 457)
[2025-11-07 16:10:02] [INFO] Строка 163: Обновление пользователя 459 -> номер 2034
[2025-11-07 16:10:02] [SUCCESS] ✓ Успешно обновлен пользователь 459
[2025-11-07 16:10:02] [INFO] Строка 164: Обновление пользователя 461 -> номер 713
[2025-11-07 16:10:03] [SUCCESS] ✓ Успешно обновлен пользователь 461
[2025-11-07 16:10:03] [INFO] Строка 165: Обновление пользователя 465 -> номер 3614
[2025-11-07 16:10:04] [SUCCESS] ✓ Успешно обновлен пользователь 465
[2025-11-07 16:10:04] [INFO] Строка 166: Обновление пользователя 471 -> номер 2116
[2025-11-07 16:10:04] [SUCCESS] ✓ Успешно обновлен пользователь 471
[2025-11-07 16:10:05] [WARNING] Строка 167: Пропуск - временный номер (ID: 483)
[2025-11-07 16:10:05] [INFO] Строка 168: Обновление пользователя 485 -> номер 2114
[2025-11-07 16:10:05] [ERROR] ✗ Ошибка для пользователя 485: Ошибка заполнения поля "Внутренний номер", указанный номер уже используется другим сотрудником или группой телефонии. 
[2025-11-07 16:10:06] [WARNING] Строка 169: Пропуск - временный номер (ID: 487)
[2025-11-07 16:10:06] [INFO] Строка 170: Обновление пользователя 491 -> номер 3611
[2025-11-07 16:10:06] [SUCCESS] ✓ Успешно обновлен пользователь 491
[2025-11-07 16:10:07] [WARNING] Строка 171: Пропуск - временный номер (ID: 493)
[2025-11-07 16:10:07] [INFO] Строка 172: Обновление пользователя 497 -> номер 719
[2025-11-07 16:10:07] [SUCCESS] ✓ Успешно обновлен пользователь 497
[2025-11-07 16:10:08] [INFO] Строка 173: Обновление пользователя 501 -> номер 2311
[2025-11-07 16:10:08] [SUCCESS] ✓ Успешно обновлен пользователь 501
[2025-11-07 16:10:09] [INFO] Строка 174: Обновление пользователя 503 -> номер 2113
[2025-11-07 16:10:09] [ERROR] ✗ Ошибка для пользователя 503: Ошибка заполнения поля "Внутренний номер", указанный номер уже используется другим сотрудником или группой телефонии. 
[2025-11-07 16:10:09] [INFO] Строка 175: Обновление пользователя 505 -> номер 3183
[2025-11-07 16:10:10] [SUCCESS] ✓ Успешно обновлен пользователь 505
[2025-11-07 16:10:10] [INFO] Строка 176: Обновление пользователя 509 -> номер 21132
[2025-11-07 16:10:10] [ERROR] ✗ Ошибка для пользователя 509: Ошибка заполнения поля "Внутренний номер", номер должен быть цифрой от 1 до 9999. 
[2025-11-07 16:10:11] [WARNING] Строка 177: Пропуск - временный номер (ID: 511)
[2025-11-07 16:10:11] [INFO] Строка 178: Обновление пользователя 513 -> номер 41132
[2025-11-07 16:10:12] [ERROR] ✗ Ошибка для пользователя 513: Ошибка заполнения поля "Внутренний номер", номер должен быть цифрой от 1 до 9999. 
[2025-11-07 16:10:12] [INFO] Строка 179: Обновление пользователя 527 -> номер 2018
[2025-11-07 16:10:13] [SUCCESS] ✓ Успешно обновлен пользователь 527
[2025-11-07 16:10:13] [INFO] Строка 180: Обновление пользователя 531 -> номер 722
[2025-11-07 16:10:13] [SUCCESS] ✓ Успешно обновлен пользователь 531
[2025-11-07 16:10:14] [INFO] Строка 181: Обновление пользователя 543 -> номер 2085
[2025-11-07 16:10:14] [SUCCESS] ✓ Успешно обновлен пользователь 543
[2025-11-07 16:10:14] [INFO] Строка 182: Обновление пользователя 545 -> номер 2423
[2025-11-07 16:10:15] [SUCCESS] ✓ Успешно обновлен пользователь 545
[2025-11-07 16:10:15] [INFO] Строка 183: Обновление пользователя 549 -> номер 2073
[2025-11-07 16:10:16] [SUCCESS] ✓ Успешно обновлен пользователь 549
[2025-11-07 16:10:16] [INFO] Строка 184: Обновление пользователя 551 -> номер 2430
[2025-11-07 16:10:16] [SUCCESS] ✓ Успешно обновлен пользователь 551
[2025-11-07 16:10:17] [INFO] Строка 185: Обновление пользователя 553 -> номер 2078
[2025-11-07 16:10:17] [SUCCESS] ✓ Успешно обновлен пользователь 553
[2025-11-07 16:10:17] [INFO] Строка 186: Обновление пользователя 557 -> номер 2098
[2025-11-07 16:10:18] [SUCCESS] ✓ Успешно обновлен пользователь 557
[2025-11-07 16:10:18] [INFO] Строка 187: Обновление пользователя 561 -> номер 3192
[2025-11-07 16:10:19] [SUCCESS] ✓ Успешно обновлен пользователь 561
[2025-11-07 16:10:19] [WARNING] Строка 188: Пропуск - временный номер (ID: 563)
[2025-11-07 16:10:19] [INFO] Строка 189: Обновление пользователя 567 -> номер 705
[2025-11-07 16:10:20] [SUCCESS] ✓ Успешно обновлен пользователь 567
[2025-11-07 16:10:20] [INFO] Строка 190: Обновление пользователя 579 -> номер 5004
[2025-11-07 16:10:20] [SUCCESS] ✓ Успешно обновлен пользователь 579
[2025-11-07 16:10:21] [INFO] Строка 191: Обновление пользователя 609 -> номер 2022
[2025-11-07 16:10:21] [SUCCESS] ✓ Успешно обновлен пользователь 609
[2025-11-07 16:10:21] [INFO] Строка 192: Обновление пользователя 615 -> номер 2082
[2025-11-07 16:10:22] [SUCCESS] ✓ Успешно обновлен пользователь 615
[2025-11-07 16:10:22] [WARNING] Строка 193: Пропуск - временный номер (ID: 617)
[2025-11-07 16:10:23] [INFO] Строка 194: Обновление пользователя 623 -> номер 2083
[2025-11-07 16:10:23] [SUCCESS] ✓ Успешно обновлен пользователь 623
[2025-11-07 16:10:23] [WARNING] Строка 195: Пропуск - временный номер (ID: 633)
[2025-11-07 16:10:24] [WARNING] Строка 196: Пропуск - временный номер (ID: 681)
[2025-11-07 16:10:24] [WARNING] Строка 197: Пропуск - временный номер (ID: 779)
[2025-11-07 16:10:24] [WARNING] Строка 198: Пропуск - временный номер (ID: 781)
[2025-11-07 16:10:25] [WARNING] Строка 199: Пропуск - временный номер (ID: 799)
[2025-11-07 16:10:25] [WARNING] Строка 200: Пропуск - временный номер (ID: 933)
[2025-11-07 16:10:25] [INFO] Строка 201: Обновление пользователя 939 -> номер 21002
[2025-11-07 16:10:26] [ERROR] ✗ Ошибка для пользователя 939: Ошибка заполнения поля "Внутренний номер", номер должен быть цифрой от 1 до 9999. 
[2025-11-07 16:10:26] [INFO] Строка 202: Обновление пользователя 951 -> номер 2136
[2025-11-07 16:10:26] [SUCCESS] ✓ Успешно обновлен пользователь 951
[2025-11-07 16:10:27] [INFO] Строка 203: Обновление пользователя 959 -> номер 2109
[2025-11-07 16:10:27] [SUCCESS] ✓ Успешно обновлен пользователь 959
[2025-11-07 16:10:27] [WARNING] Строка 204: Пропуск - временный номер (ID: 969)
[2025-11-07 16:10:28] [WARNING] Строка 205: Пропуск - временный номер (ID: 975)
[2025-11-07 16:10:28] [INFO] Строка 206: Обновление пользователя 977 -> номер 2128
[2025-11-07 16:10:28] [SUCCESS] ✓ Успешно обновлен пользователь 977
[2025-11-07 16:10:29] [INFO] Строка 207: Обновление пользователя 981 -> номер 2155
[2025-11-07 16:10:29] [SUCCESS] ✓ Успешно обновлен пользователь 981
[2025-11-07 16:10:29] [WARNING] Строка 208: Пропуск - временный номер (ID: 983)
[2025-11-07 16:10:30] [INFO] Строка 209: Обновление пользователя 985 -> номер 3211
[2025-11-07 16:10:30] [SUCCESS] ✓ Успешно обновлен пользователь 985
[2025-11-07 16:10:31] [INFO] Строка 210: Обновление пользователя 987 -> номер 3212
[2025-11-07 16:10:31] [SUCCESS] ✓ Успешно обновлен пользователь 987
[2025-11-07 16:10:31] [INFO] Строка 211: Обновление пользователя 989 -> номер 2077
[2025-11-07 16:10:32] [SUCCESS] ✓ Успешно обновлен пользователь 989
[2025-11-07 16:10:32] [INFO] Строка 212: Обновление пользователя 995 -> номер 3210
[2025-11-07 16:10:32] [SUCCESS] ✓ Успешно обновлен пользователь 995
[2025-11-07 16:10:33] [INFO] Строка 213: Обновление пользователя 1013 -> номер 714
[2025-11-07 16:10:33] [SUCCESS] ✓ Успешно обновлен пользователь 1013
[2025-11-07 16:10:33] [INFO] Строка 214: Обновление пользователя 1059 -> номер 3712
[2025-11-07 16:10:34] [SUCCESS] ✓ Успешно обновлен пользователь 1059
[2025-11-07 16:10:34] [INFO] Строка 215: Обновление пользователя 1061 -> номер 3281
[2025-11-07 16:10:35] [SUCCESS] ✓ Успешно обновлен пользователь 1061
[2025-11-07 16:10:35] [WARNING] Строка 216: Пропуск - временный номер (ID: 1081)
[2025-11-07 16:10:35] [WARNING] Строка 217: Пропуск - временный номер (ID: 1093)
[2025-11-07 16:10:36] [INFO] Строка 218: Обновление пользователя 1097 -> номер 726
[2025-11-07 16:10:36] [SUCCESS] ✓ Успешно обновлен пользователь 1097
[2025-11-07 16:10:36] [INFO] Строка 219: Обновление пользователя 1131 -> номер 5500
[2025-11-07 16:10:37] [SUCCESS] ✓ Успешно обновлен пользователь 1131
[2025-11-07 16:10:37] [INFO] Строка 220: Обновление пользователя 1143 -> номер 2047
[2025-11-07 16:10:37] [SUCCESS] ✓ Успешно обновлен пользователь 1143
[2025-11-07 16:10:38] [WARNING] Строка 221: Пропуск - временный номер (ID: 1149)
[2025-11-07 16:10:38] [INFO] Строка 222: Обновление пользователя 1171 -> номер 2070
[2025-11-07 16:10:38] [SUCCESS] ✓ Успешно обновлен пользователь 1171
[2025-11-07 16:10:39] [INFO] Строка 223: Обновление пользователя 1189 -> номер 721
[2025-11-07 16:10:39] [SUCCESS] ✓ Успешно обновлен пользователь 1189
[2025-11-07 16:10:40] [INFO] Строка 224: Обновление пользователя 1207 -> номер 2137
[2025-11-07 16:10:40] [SUCCESS] ✓ Успешно обновлен пользователь 1207
[2025-11-07 16:10:40] [INFO] Строка 225: Обновление пользователя 1221 -> номер 2120
[2025-11-07 16:10:41] [SUCCESS] ✓ Успешно обновлен пользователь 1221
[2025-11-07 16:10:41] [INFO] Строка 226: Обновление пользователя 1235 -> номер 2178
[2025-11-07 16:10:41] [SUCCESS] ✓ Успешно обновлен пользователь 1235
[2025-11-07 16:10:42] [INFO] Строка 227: Обновление пользователя 1237 -> номер 214
[2025-11-07 16:10:42] [SUCCESS] ✓ Успешно обновлен пользователь 1237
[2025-11-07 16:10:43] [INFO] Строка 228: Обновление пользователя 1243 -> номер 211
[2025-11-07 16:10:43] [SUCCESS] ✓ Успешно обновлен пользователь 1243
[2025-11-07 16:10:43] [INFO] Строка 229: Обновление пользователя 1247 -> номер 21
[2025-11-07 16:10:44] [SUCCESS] ✓ Успешно обновлен пользователь 1247
[2025-11-07 16:10:44] [INFO] Строка 230: Обновление пользователя 1256 -> номер 443
[2025-11-07 16:10:44] [SUCCESS] ✓ Успешно обновлен пользователь 1256
[2025-11-07 16:10:45] [INFO] Строка 231: Обновление пользователя 1258 -> номер 729
[2025-11-07 16:10:45] [SUCCESS] ✓ Успешно обновлен пользователь 1258
[2025-11-07 16:10:45] [WARNING] Строка 232: Пропуск - временный номер (ID: 1260)
[2025-11-07 16:10:46] [INFO] Строка 233: Обновление пользователя 1262 -> номер 2411
[2025-11-07 16:10:46] [SUCCESS] ✓ Успешно обновлен пользователь 1262
[2025-11-07 16:10:46] [INFO] Строка 234: Обновление пользователя 1264 -> номер 2138
[2025-11-07 16:10:47] [SUCCESS] ✓ Успешно обновлен пользователь 1264
[2025-11-07 16:10:47] [INFO] Строка 235: Обновление пользователя 1268 -> номер 709
[2025-11-07 16:10:48] [SUCCESS] ✓ Успешно обновлен пользователь 1268
[2025-11-07 16:10:48] [INFO] Строка 236: Обновление пользователя 1270 -> номер 21232
[2025-11-07 16:10:48] [ERROR] ✗ Ошибка для пользователя 1270: Ошибка заполнения поля "Внутренний номер", номер должен быть цифрой от 1 до 9999. 
[2025-11-07 16:10:48] [WARNING] Строка 237: Пропуск - временный номер (ID: 1276)
[2025-11-07 16:10:49] [INFO] Строка 238: Обновление пользователя 1280 -> номер 2092
[2025-11-07 16:10:49] [SUCCESS] ✓ Успешно обновлен пользователь 1280
[2025-11-07 16:10:49] [INFO] Строка 239: Обновление пользователя 1296 -> номер 710
[2025-11-07 16:10:50] [SUCCESS] ✓ Успешно обновлен пользователь 1296
[2025-11-07 16:10:50] [WARNING] Строка 240: Пропуск - временный номер (ID: 1300)
[2025-11-07 16:10:51] [INFO] Строка 241: Обновление пользователя 1322 -> номер 2135
[2025-11-07 16:10:51] [SUCCESS] ✓ Успешно обновлен пользователь 1322
[2025-11-07 16:10:51] [INFO] Строка 242: Обновление пользователя 1326 -> номер 2105
[2025-11-07 16:10:52] [SUCCESS] ✓ Успешно обновлен пользователь 1326
[2025-11-07 16:10:52] [INFO] Строка 243: Обновление пользователя 1330 -> номер 2182
[2025-11-07 16:10:52] [SUCCESS] ✓ Успешно обновлен пользователь 1330
[2025-11-07 16:10:53] [WARNING] Строка 244: Пропуск - временный номер (ID: 1336)
[2025-11-07 16:10:53] [INFO] Строка 245: Обновление пользователя 1348 -> номер 2027
[2025-11-07 16:10:53] [SUCCESS] ✓ Успешно обновлен пользователь 1348
[2025-11-07 16:10:54] [INFO] Строка 246: Обновление пользователя 1434 -> номер 2426
[2025-11-07 16:10:54] [SUCCESS] ✓ Успешно обновлен пользователь 1434
[2025-11-07 16:10:54] [INFO] Строка 247: Обновление пользователя 1446 -> номер 2214
[2025-11-07 16:10:55] [ERROR] ✗ Ошибка для пользователя 1446: Ошибка заполнения поля "Внутренний номер", указанный номер уже используется другим сотрудником или группой телефонии. 
[2025-11-07 16:10:55] [INFO] Строка 248: Обновление пользователя 1452 -> номер 22142
[2025-11-07 16:10:55] [ERROR] ✗ Ошибка для пользователя 1452: Ошибка заполнения поля "Внутренний номер", номер должен быть цифрой от 1 до 9999. 
[2025-11-07 16:10:56] [WARNING] Строка 249: Пропуск - временный номер (ID: 1454)
[2025-11-07 16:10:56] [WARNING] Строка 250: Пропуск - временный номер (ID: 1456)
[2025-11-07 16:10:56] [WARNING] Строка 251: Пропуск - временный номер (ID: 1460)
[2025-11-07 16:10:57] [WARNING] Строка 252: Пропуск - временный номер (ID: 1464)
[2025-11-07 16:10:57] [WARNING] Строка 253: Пропуск - временный номер (ID: 1468)
[2025-11-07 16:10:57] [WARNING] Строка 254: Пропуск - временный номер (ID: 1470)
[2025-11-07 16:10:58] [INFO] Строка 255: Обновление пользователя 1496 -> номер 2421
[2025-11-07 16:10:58] [SUCCESS] ✓ Успешно обновлен пользователь 1496
[2025-11-07 16:10:58] [WARNING] Строка 256: Пропуск - временный номер (ID: 1498)
[2025-11-07 16:10:59] [WARNING] Строка 257: Пропуск - временный номер (ID: 1508)
[2025-11-07 16:10:59] [WARNING] Строка 258: Пропуск - временный номер (ID: 1530)
[2025-11-07 16:10:59] [WARNING] Строка 259: Пропуск - временный номер (ID: 1570)
[2025-11-07 16:11:00] [WARNING] Строка 260: Пропуск - временный номер (ID: 1596)
[2025-11-07 16:11:00] [WARNING] Строка 261: Пропуск - временный номер (ID: 1598)
[2025-11-07 16:11:00] [WARNING] Строка 262: Пропуск - временный номер (ID: 1600)
[2025-11-07 16:11:01] [WARNING] Строка 263: Пропуск - временный номер (ID: 1602)
[2025-11-07 16:11:01] [WARNING] Строка 264: Пропуск - временный номер (ID: 1604)
[2025-11-07 16:11:01] [WARNING] Строка 265: Пропуск - временный номер (ID: 1606)
[2025-11-07 16:11:01] [WARNING] Строка 266: Пропуск - временный номер (ID: 1608)
[2025-11-07 16:11:02] [WARNING] Строка 267: Пропуск - временный номер (ID: 1610)
[2025-11-07 16:11:02] [WARNING] Строка 268: Пропуск - временный номер (ID: 1612)
[2025-11-07 16:11:02] [WARNING] Строка 269: Пропуск - временный номер (ID: 2420)
[2025-11-07 16:11:03] [WARNING] Строка 270: Пропуск - временный номер (ID: 2578)
[2025-11-07 16:11:03] [WARNING] Строка 271: Пропуск - временный номер (ID: 2624)
[2025-11-07 16:11:03] [WARNING] Строка 272: Пропуск - временный номер (ID: 2630)
